mode: set
github.com/hyperledger/fabric/core/chaincode/shim/crypto/attr/attr_support.go:86.87,89.16 2 1
github.com/hyperledger/fabric/core/chaincode/shim/crypto/attr/attr_support.go:92.2,92.20 1 1
github.com/hyperledger/fabric/core/chaincode/shim/crypto/attr/attr_support.go:95.2,97.16 3 1
github.com/hyperledger/fabric/core/chaincode/shim/crypto/attr/attr_support.go:102.2,105.16 4 1
github.com/hyperledger/fabric/core/chaincode/shim/crypto/attr/attr_support.go:109.2,109.24 1 1
github.com/hyperledger/fabric/core/chaincode/shim/crypto/attr/attr_support.go:113.2,115.16 2 1
github.com/hyperledger/fabric/core/chaincode/shim/crypto/attr/attr_support.go:119.2,120.46 2 1
github.com/hyperledger/fabric/core/chaincode/shim/crypto/attr/attr_support.go:124.2,125.68 2 1
github.com/hyperledger/fabric/core/chaincode/shim/crypto/attr/attr_support.go:89.16,91.3 1 1
github.com/hyperledger/fabric/core/chaincode/shim/crypto/attr/attr_support.go:92.20,94.3 1 1
github.com/hyperledger/fabric/core/chaincode/shim/crypto/attr/attr_support.go:97.16,99.3 1 1
github.com/hyperledger/fabric/core/chaincode/shim/crypto/attr/attr_support.go:105.16,107.3 1 1
github.com/hyperledger/fabric/core/chaincode/shim/crypto/attr/attr_support.go:109.24,111.3 1 1
github.com/hyperledger/fabric/core/chaincode/shim/crypto/attr/attr_support.go:115.16,117.3 1 1
github.com/hyperledger/fabric/core/chaincode/shim/crypto/attr/attr_support.go:120.46,122.3 1 1
github.com/hyperledger/fabric/core/chaincode/shim/crypto/attr/attr_support.go:128.92,129.37 1 1
github.com/hyperledger/fabric/core/chaincode/shim/crypto/attr/attr_support.go:132.2,133.16 2 1
github.com/hyperledger/fabric/core/chaincode/shim/crypto/attr/attr_support.go:136.2,138.31 3 1
github.com/hyperledger/fabric/core/chaincode/shim/crypto/attr/attr_support.go:129.37,131.3 1 1
github.com/hyperledger/fabric/core/chaincode/shim/crypto/attr/attr_support.go:133.16,135.3 1 1
github.com/hyperledger/fabric/core/chaincode/shim/crypto/attr/attr_support.go:144.96,145.51 1 1
github.com/hyperledger/fabric/core/chaincode/shim/crypto/attr/attr_support.go:148.2,149.16 2 1
github.com/hyperledger/fabric/core/chaincode/shim/crypto/attr/attr_support.go:152.2,153.16 2 1
github.com/hyperledger/fabric/core/chaincode/shim/crypto/attr/attr_support.go:156.2,156.50 1 1
github.com/hyperledger/fabric/core/chaincode/shim/crypto/attr/attr_support.go:159.2,159.15 1 1
github.com/hyperledger/fabric/core/chaincode/shim/crypto/attr/attr_support.go:165.2,166.19 2 1
github.com/hyperledger/fabric/core/chaincode/shim/crypto/attr/attr_support.go:145.51,147.3 1 1
github.com/hyperledger/fabric/core/chaincode/shim/crypto/attr/attr_support.go:149.16,151.3 1 1
github.com/hyperledger/fabric/core/chaincode/shim/crypto/attr/attr_support.go:153.16,155.3 1 0
github.com/hyperledger/fabric/core/chaincode/shim/crypto/attr/attr_support.go:156.50,158.3 1 1
github.com/hyperledger/fabric/core/chaincode/shim/crypto/attr/attr_support.go:159.15,161.17 2 1
github.com/hyperledger/fabric/core/chaincode/shim/crypto/attr/attr_support.go:161.17,163.4 1 1
github.com/hyperledger/fabric/core/chaincode/shim/crypto/attr/attr_support.go:172.124,174.16 2 1
github.com/hyperledger/fabric/core/chaincode/shim/crypto/attr/attr_support.go:177.2,177.59 1 1
github.com/hyperledger/fabric/core/chaincode/shim/crypto/attr/attr_support.go:174.16,176.3 1 1
github.com/hyperledger/fabric/core/chaincode/shim/crypto/attr/attr_support.go:183.101,184.34 1 1
github.com/hyperledger/fabric/core/chaincode/shim/crypto/attr/attr_support.go:193.2,193.18 1 1
github.com/hyperledger/fabric/core/chaincode/shim/crypto/attr/attr_support.go:184.34,186.17 2 1
github.com/hyperledger/fabric/core/chaincode/shim/crypto/attr/attr_support.go:189.3,189.11 1 1
github.com/hyperledger/fabric/core/chaincode/shim/crypto/attr/attr_support.go:186.17,188.4 1 1
github.com/hyperledger/fabric/core/chaincode/shim/crypto/attr/attr_support.go:189.11,191.4 1 1
