mode: set
github.com/hyperledger/fabric/membersrvc/ca/validity_period.go:46.19,47.18 1 0
github.com/hyperledger/fabric/membersrvc/ca/validity_period.go:47.18,54.3 3 0
github.com/hyperledger/fabric/membersrvc/ca/validity_period.go:57.29,60.6 2 0
github.com/hyperledger/fabric/membersrvc/ca/validity_period.go:60.6,64.52 3 0
github.com/hyperledger/fabric/membersrvc/ca/validity_period.go:71.3,71.36 1 0
github.com/hyperledger/fabric/membersrvc/ca/validity_period.go:64.52,67.4 2 0
github.com/hyperledger/fabric/membersrvc/ca/validity_period.go:67.4,69.4 1 0
github.com/hyperledger/fabric/membersrvc/ca/validity_period.go:75.68,77.54 2 0
github.com/hyperledger/fabric/membersrvc/ca/validity_period.go:94.2,99.16 5 0
github.com/hyperledger/fabric/membersrvc/ca/validity_period.go:103.2,104.26 2 0
github.com/hyperledger/fabric/membersrvc/ca/validity_period.go:77.54,79.74 2 0
github.com/hyperledger/fabric/membersrvc/ca/validity_period.go:82.3,83.65 2 0
github.com/hyperledger/fabric/membersrvc/ca/validity_period.go:92.3,92.60 1 0
github.com/hyperledger/fabric/membersrvc/ca/validity_period.go:79.74,81.4 1 0
github.com/hyperledger/fabric/membersrvc/ca/validity_period.go:83.65,86.18 3 0
github.com/hyperledger/fabric/membersrvc/ca/validity_period.go:86.18,88.5 1 0
github.com/hyperledger/fabric/membersrvc/ca/validity_period.go:89.4,91.4 1 0
github.com/hyperledger/fabric/membersrvc/ca/validity_period.go:99.16,101.3 1 0
github.com/hyperledger/fabric/membersrvc/ca/validity_period.go:107.75,110.16 2 0
github.com/hyperledger/fabric/membersrvc/ca/validity_period.go:115.2,117.16 2 0
github.com/hyperledger/fabric/membersrvc/ca/validity_period.go:122.2,124.12 2 0
github.com/hyperledger/fabric/membersrvc/ca/validity_period.go:110.16,113.3 2 0
github.com/hyperledger/fabric/membersrvc/ca/validity_period.go:117.16,120.3 2 0
github.com/hyperledger/fabric/membersrvc/ca/validity_period.go:127.98,140.2 4 0
github.com/hyperledger/fabric/membersrvc/ca/validity_period.go:142.41,144.47 1 1
github.com/hyperledger/fabric/membersrvc/ca/validity_period.go:149.2,149.13 1 0
github.com/hyperledger/fabric/membersrvc/ca/validity_period.go:144.47,146.3 1 1
github.com/hyperledger/fabric/membersrvc/ca/aca.go:67.53,69.28 2 1
github.com/hyperledger/fabric/membersrvc/ca/aca.go:72.2,72.27 1 1
github.com/hyperledger/fabric/membersrvc/ca/aca.go:78.2,78.37 1 1
github.com/hyperledger/fabric/membersrvc/ca/aca.go:69.28,71.3 1 1
github.com/hyperledger/fabric/membersrvc/ca/aca.go:72.27,73.32 1 1
github.com/hyperledger/fabric/membersrvc/ca/aca.go:73.32,75.4 1 0
github.com/hyperledger/fabric/membersrvc/ca/aca.go:81.44,82.229 1 1
github.com/hyperledger/fabric/membersrvc/ca/aca.go:85.2,85.12 1 1
github.com/hyperledger/fabric/membersrvc/ca/aca.go:82.229,84.3 1 0
github.com/hyperledger/fabric/membersrvc/ca/aca.go:105.98,106.28 1 1
github.com/hyperledger/fabric/membersrvc/ca/aca.go:109.2,110.22 2 1
github.com/hyperledger/fabric/membersrvc/ca/aca.go:115.2,119.19 4 1
github.com/hyperledger/fabric/membersrvc/ca/aca.go:128.2,129.19 2 1
github.com/hyperledger/fabric/membersrvc/ca/aca.go:137.2,137.23 1 1
github.com/hyperledger/fabric/membersrvc/ca/aca.go:106.28,108.3 1 0
github.com/hyperledger/fabric/membersrvc/ca/aca.go:110.22,112.3 1 1
github.com/hyperledger/fabric/membersrvc/ca/aca.go:112.3,114.3 1 1
github.com/hyperledger/fabric/membersrvc/ca/aca.go:119.19,122.61 3 1
github.com/hyperledger/fabric/membersrvc/ca/aca.go:125.3,125.27 1 1
github.com/hyperledger/fabric/membersrvc/ca/aca.go:122.61,124.4 1 0
github.com/hyperledger/fabric/membersrvc/ca/aca.go:129.19,132.61 3 1
github.com/hyperledger/fabric/membersrvc/ca/aca.go:135.3,135.25 1 1
github.com/hyperledger/fabric/membersrvc/ca/aca.go:132.61,134.4 1 0
github.com/hyperledger/fabric/membersrvc/ca/aca.go:141.49,143.2 1 1
github.com/hyperledger/fabric/membersrvc/ca/aca.go:146.58,148.2 1 1
github.com/hyperledger/fabric/membersrvc/ca/aca.go:151.59,153.2 1 1
github.com/hyperledger/fabric/membersrvc/ca/aca.go:156.64,158.2 1 1
github.com/hyperledger/fabric/membersrvc/ca/aca.go:161.47,163.2 1 1
github.com/hyperledger/fabric/membersrvc/ca/aca.go:166.56,168.2 1 1
github.com/hyperledger/fabric/membersrvc/ca/aca.go:171.57,173.2 1 1
github.com/hyperledger/fabric/membersrvc/ca/aca.go:176.60,178.2 1 1
github.com/hyperledger/fabric/membersrvc/ca/aca.go:181.59,183.2 1 1
github.com/hyperledger/fabric/membersrvc/ca/aca.go:186.62,188.2 1 1
github.com/hyperledger/fabric/membersrvc/ca/aca.go:191.64,193.2 1 0
github.com/hyperledger/fabric/membersrvc/ca/aca.go:196.57,198.2 1 1
github.com/hyperledger/fabric/membersrvc/ca/aca.go:201.61,203.2 1 1
github.com/hyperledger/fabric/membersrvc/ca/aca.go:206.55,208.2 1 1
github.com/hyperledger/fabric/membersrvc/ca/aca.go:211.59,213.2 1 1
github.com/hyperledger/fabric/membersrvc/ca/aca.go:216.66,218.33 2 1
github.com/hyperledger/fabric/membersrvc/ca/aca.go:223.2,223.31 1 1
github.com/hyperledger/fabric/membersrvc/ca/aca.go:229.2,229.83 1 1
github.com/hyperledger/fabric/membersrvc/ca/aca.go:218.33,220.3 1 0
github.com/hyperledger/fabric/membersrvc/ca/aca.go:220.3,222.3 1 1
github.com/hyperledger/fabric/membersrvc/ca/aca.go:223.31,225.3 1 1
github.com/hyperledger/fabric/membersrvc/ca/aca.go:225.3,228.3 1 0
github.com/hyperledger/fabric/membersrvc/ca/aca.go:233.20,237.2 2 1
github.com/hyperledger/fabric/membersrvc/ca/aca.go:239.64,241.16 2 1
github.com/hyperledger/fabric/membersrvc/ca/aca.go:244.2,244.35 1 1
github.com/hyperledger/fabric/membersrvc/ca/aca.go:241.16,243.3 1 0
github.com/hyperledger/fabric/membersrvc/ca/aca.go:247.64,249.16 2 1
github.com/hyperledger/fabric/membersrvc/ca/aca.go:252.2,252.35 1 1
github.com/hyperledger/fabric/membersrvc/ca/aca.go:249.16,251.3 1 0
github.com/hyperledger/fabric/membersrvc/ca/aca.go:255.83,262.29 4 1
github.com/hyperledger/fabric/membersrvc/ca/aca.go:287.2,287.24 1 1
github.com/hyperledger/fabric/membersrvc/ca/aca.go:262.29,264.21 2 1
github.com/hyperledger/fabric/membersrvc/ca/aca.go:264.21,266.33 2 1
github.com/hyperledger/fabric/membersrvc/ca/aca.go:269.4,270.31 2 1
github.com/hyperledger/fabric/membersrvc/ca/aca.go:266.33,268.5 1 1
github.com/hyperledger/fabric/membersrvc/ca/aca.go:270.31,272.19 2 1
github.com/hyperledger/fabric/membersrvc/ca/aca.go:275.5,275.75 1 1
github.com/hyperledger/fabric/membersrvc/ca/aca.go:278.5,278.25 1 1
github.com/hyperledger/fabric/membersrvc/ca/aca.go:281.5,281.46 1 1
github.com/hyperledger/fabric/membersrvc/ca/aca.go:272.19,274.6 1 0
github.com/hyperledger/fabric/membersrvc/ca/aca.go:275.75,276.14 1 1
github.com/hyperledger/fabric/membersrvc/ca/aca.go:278.25,280.6 1 1
github.com/hyperledger/fabric/membersrvc/ca/aca.go:282.5,284.5 1 0
github.com/hyperledger/fabric/membersrvc/ca/aca.go:290.66,292.18 2 1
github.com/hyperledger/fabric/membersrvc/ca/aca.go:295.2,295.29 1 1
github.com/hyperledger/fabric/membersrvc/ca/aca.go:304.2,305.18 2 1
github.com/hyperledger/fabric/membersrvc/ca/aca.go:308.2,308.12 1 1
github.com/hyperledger/fabric/membersrvc/ca/aca.go:292.18,294.3 1 0
github.com/hyperledger/fabric/membersrvc/ca/aca.go:295.29,296.53 1 1
github.com/hyperledger/fabric/membersrvc/ca/aca.go:296.53,298.20 2 0
github.com/hyperledger/fabric/membersrvc/ca/aca.go:301.4,301.14 1 0
github.com/hyperledger/fabric/membersrvc/ca/aca.go:298.20,300.5 1 0
github.com/hyperledger/fabric/membersrvc/ca/aca.go:305.18,307.3 1 0
github.com/hyperledger/fabric/membersrvc/ca/aca.go:311.62,316.16 3 1
github.com/hyperledger/fabric/membersrvc/ca/aca.go:320.2,320.15 1 1
github.com/hyperledger/fabric/membersrvc/ca/aca.go:333.2,333.12 1 1
github.com/hyperledger/fabric/membersrvc/ca/aca.go:316.16,318.3 1 0
github.com/hyperledger/fabric/membersrvc/ca/aca.go:320.15,323.17 2 1
github.com/hyperledger/fabric/membersrvc/ca/aca.go:323.17,325.4 1 0
github.com/hyperledger/fabric/membersrvc/ca/aca.go:326.3,329.17 2 1
github.com/hyperledger/fabric/membersrvc/ca/aca.go:329.17,331.4 1 0
github.com/hyperledger/fabric/membersrvc/ca/aca.go:336.74,339.16 3 1
github.com/hyperledger/fabric/membersrvc/ca/aca.go:342.2,343.16 2 1
github.com/hyperledger/fabric/membersrvc/ca/aca.go:346.2,346.12 1 1
github.com/hyperledger/fabric/membersrvc/ca/aca.go:339.16,341.3 1 0
github.com/hyperledger/fabric/membersrvc/ca/aca.go:343.16,345.3 1 0
github.com/hyperledger/fabric/membersrvc/ca/aca.go:349.120,354.16 3 1
github.com/hyperledger/fabric/membersrvc/ca/aca.go:358.2,358.16 1 1
github.com/hyperledger/fabric/membersrvc/ca/aca.go:362.2,367.16 5 1
github.com/hyperledger/fabric/membersrvc/ca/aca.go:371.2,372.46 2 1
github.com/hyperledger/fabric/membersrvc/ca/aca.go:375.2,375.73 1 1
github.com/hyperledger/fabric/membersrvc/ca/aca.go:354.16,356.3 1 0
github.com/hyperledger/fabric/membersrvc/ca/aca.go:358.16,360.3 1 1
github.com/hyperledger/fabric/membersrvc/ca/aca.go:367.16,369.3 1 0
github.com/hyperledger/fabric/membersrvc/ca/aca.go:372.46,374.3 1 1
github.com/hyperledger/fabric/membersrvc/ca/aca.go:379.110,382.60 2 1
github.com/hyperledger/fabric/membersrvc/ca/aca.go:386.2,387.16 2 1
github.com/hyperledger/fabric/membersrvc/ca/aca.go:391.2,402.56 9 1
github.com/hyperledger/fabric/membersrvc/ca/aca.go:406.2,407.16 2 1
github.com/hyperledger/fabric/membersrvc/ca/aca.go:411.2,413.16 3 1
github.com/hyperledger/fabric/membersrvc/ca/aca.go:417.2,418.16 2 1
github.com/hyperledger/fabric/membersrvc/ca/aca.go:422.2,422.71 1 1
github.com/hyperledger/fabric/membersrvc/ca/aca.go:382.60,384.3 1 1
github.com/hyperledger/fabric/membersrvc/ca/aca.go:387.16,389.3 1 0
github.com/hyperledger/fabric/membersrvc/ca/aca.go:402.56,404.3 1 0
github.com/hyperledger/fabric/membersrvc/ca/aca.go:407.16,409.3 1 0
github.com/hyperledger/fabric/membersrvc/ca/aca.go:413.16,415.3 1 0
github.com/hyperledger/fabric/membersrvc/ca/aca.go:418.16,420.3 1 0
github.com/hyperledger/fabric/membersrvc/ca/aca.go:425.115,428.16 3 1
github.com/hyperledger/fabric/membersrvc/ca/aca.go:432.2,433.16 2 1
github.com/hyperledger/fabric/membersrvc/ca/aca.go:437.2,442.13 4 1
github.com/hyperledger/fabric/membersrvc/ca/aca.go:428.16,430.3 1 0
github.com/hyperledger/fabric/membersrvc/ca/aca.go:433.16,435.3 1 0
github.com/hyperledger/fabric/membersrvc/ca/aca.go:446.102,450.51 2 1
github.com/hyperledger/fabric/membersrvc/ca/aca.go:454.2,455.41 2 1
github.com/hyperledger/fabric/membersrvc/ca/aca.go:462.2,463.16 2 1
github.com/hyperledger/fabric/membersrvc/ca/aca.go:467.2,477.56 9 1
github.com/hyperledger/fabric/membersrvc/ca/aca.go:481.2,483.16 2 1
github.com/hyperledger/fabric/membersrvc/ca/aca.go:486.2,488.16 3 1
github.com/hyperledger/fabric/membersrvc/ca/aca.go:492.2,493.16 2 1
github.com/hyperledger/fabric/membersrvc/ca/aca.go:497.2,500.41 4 1
github.com/hyperledger/fabric/membersrvc/ca/aca.go:508.2,510.24 2 1
github.com/hyperledger/fabric/membersrvc/ca/aca.go:514.2,516.16 3 1
github.com/hyperledger/fabric/membersrvc/ca/aca.go:520.2,522.16 3 1
github.com/hyperledger/fabric/membersrvc/ca/aca.go:526.2,526.28 1 1
github.com/hyperledger/fabric/membersrvc/ca/aca.go:529.2,529.99 1 1
github.com/hyperledger/fabric/membersrvc/ca/aca.go:450.51,452.3 1 1
github.com/hyperledger/fabric/membersrvc/ca/aca.go:455.41,456.36 1 1
github.com/hyperledger/fabric/membersrvc/ca/aca.go:459.3,459.39 1 1
github.com/hyperledger/fabric/membersrvc/ca/aca.go:456.36,458.4 1 1
github.com/hyperledger/fabric/membersrvc/ca/aca.go:463.16,465.3 1 0
github.com/hyperledger/fabric/membersrvc/ca/aca.go:477.56,479.3 1 0
github.com/hyperledger/fabric/membersrvc/ca/aca.go:483.16,485.3 1 0
github.com/hyperledger/fabric/membersrvc/ca/aca.go:488.16,490.3 1 0
github.com/hyperledger/fabric/membersrvc/ca/aca.go:493.16,495.3 1 0
github.com/hyperledger/fabric/membersrvc/ca/aca.go:500.41,502.26 2 1
github.com/hyperledger/fabric/membersrvc/ca/aca.go:502.26,505.4 2 1
github.com/hyperledger/fabric/membersrvc/ca/aca.go:510.24,512.3 1 1
github.com/hyperledger/fabric/membersrvc/ca/aca.go:516.16,518.3 1 0
github.com/hyperledger/fabric/membersrvc/ca/aca.go:522.16,524.3 1 0
github.com/hyperledger/fabric/membersrvc/ca/aca.go:526.28,528.3 1 1
github.com/hyperledger/fabric/membersrvc/ca/aca.go:532.129,535.32 3 1
github.com/hyperledger/fabric/membersrvc/ca/aca.go:545.2,545.18 1 1
github.com/hyperledger/fabric/membersrvc/ca/aca.go:535.32,539.17 3 1
github.com/hyperledger/fabric/membersrvc/ca/aca.go:542.3,543.10 2 1
github.com/hyperledger/fabric/membersrvc/ca/aca.go:539.17,540.12 1 0
github.com/hyperledger/fabric/membersrvc/ca/aca.go:550.90,554.2 2 0
github.com/hyperledger/fabric/membersrvc/ca/aca.go:556.45,558.2 1 1
github.com/hyperledger/fabric/membersrvc/ca/aca.go:561.41,564.2 2 1
github.com/hyperledger/fabric/membersrvc/ca/ca.go:71.199,82.2 10 1
github.com/hyperledger/fabric/membersrvc/ca/ca.go:86.150,88.2 1 1
github.com/hyperledger/fabric/membersrvc/ca/ca.go:92.183,96.2 3 1
github.com/hyperledger/fabric/membersrvc/ca/ca.go:100.121,103.2 2 1
github.com/hyperledger/fabric/membersrvc/ca/ca.go:107.154,110.2 2 0
github.com/hyperledger/fabric/membersrvc/ca/ca.go:114.45,116.2 1 0
github.com/hyperledger/fabric/membersrvc/ca/ca.go:120.53,122.2 1 1
github.com/hyperledger/fabric/membersrvc/ca/ca.go:126.57,128.2 1 1
github.com/hyperledger/fabric/membersrvc/ca/ca.go:132.57,134.2 1 1
github.com/hyperledger/fabric/membersrvc/ca/ca.go:138.55,140.2 1 1
github.com/hyperledger/fabric/membersrvc/ca/ca.go:144.56,146.2 1 1
github.com/hyperledger/fabric/membersrvc/ca/ca.go:150.55,152.2 1 1
github.com/hyperledger/fabric/membersrvc/ca/ca.go:156.55,158.2 1 1
github.com/hyperledger/fabric/membersrvc/ca/ca.go:162.50,164.2 1 1
github.com/hyperledger/fabric/membersrvc/ca/ca.go:168.56,170.2 1 1
github.com/hyperledger/fabric/membersrvc/ca/ca.go:174.78,176.2 1 1
github.com/hyperledger/fabric/membersrvc/ca/ca.go:180.64,182.2 1 1
github.com/hyperledger/fabric/membersrvc/ca/ca.go:186.47,187.189 1 1
github.com/hyperledger/fabric/membersrvc/ca/ca.go:190.2,190.191 1 1
github.com/hyperledger/fabric/membersrvc/ca/ca.go:193.2,193.198 1 1
github.com/hyperledger/fabric/membersrvc/ca/ca.go:196.2,196.12 1 1
github.com/hyperledger/fabric/membersrvc/ca/ca.go:187.189,189.3 1 0
github.com/hyperledger/fabric/membersrvc/ca/ca.go:190.191,192.3 1 0
github.com/hyperledger/fabric/membersrvc/ca/ca.go:193.198,195.3 1 0
github.com/hyperledger/fabric/membersrvc/ca/ca.go:200.58,204.44 3 1
github.com/hyperledger/fabric/membersrvc/ca/ca.go:213.2,214.16 2 1
github.com/hyperledger/fabric/membersrvc/ca/ca.go:218.2,218.33 1 1
github.com/hyperledger/fabric/membersrvc/ca/ca.go:222.2,222.38 1 1
github.com/hyperledger/fabric/membersrvc/ca/ca.go:225.2,229.16 3 1
github.com/hyperledger/fabric/membersrvc/ca/ca.go:232.2,236.16 3 1
github.com/hyperledger/fabric/membersrvc/ca/ca.go:239.2,240.16 2 1
github.com/hyperledger/fabric/membersrvc/ca/ca.go:244.2,247.11 3 1
github.com/hyperledger/fabric/membersrvc/ca/ca.go:204.44,207.52 2 1
github.com/hyperledger/fabric/membersrvc/ca/ca.go:207.52,209.4 1 0
github.com/hyperledger/fabric/membersrvc/ca/ca.go:214.16,216.3 1 0
github.com/hyperledger/fabric/membersrvc/ca/ca.go:218.33,220.3 1 0
github.com/hyperledger/fabric/membersrvc/ca/ca.go:222.38,224.3 1 0
github.com/hyperledger/fabric/membersrvc/ca/ca.go:229.16,231.3 1 1
github.com/hyperledger/fabric/membersrvc/ca/ca.go:236.16,238.3 1 1
github.com/hyperledger/fabric/membersrvc/ca/ca.go:240.16,242.3 1 0
github.com/hyperledger/fabric/membersrvc/ca/ca.go:251.23,253.2 1 0
github.com/hyperledger/fabric/membersrvc/ca/ca.go:255.62,261.16 4 1
github.com/hyperledger/fabric/membersrvc/ca/ca.go:284.2,284.16 1 1
github.com/hyperledger/fabric/membersrvc/ca/ca.go:288.2,288.13 1 1
github.com/hyperledger/fabric/membersrvc/ca/ca.go:261.16,269.17 4 1
github.com/hyperledger/fabric/membersrvc/ca/ca.go:273.3,280.17 4 1
github.com/hyperledger/fabric/membersrvc/ca/ca.go:269.17,271.4 1 0
github.com/hyperledger/fabric/membersrvc/ca/ca.go:280.17,282.4 1 0
github.com/hyperledger/fabric/membersrvc/ca/ca.go:284.16,286.3 1 0
github.com/hyperledger/fabric/membersrvc/ca/ca.go:291.72,295.16 3 1
github.com/hyperledger/fabric/membersrvc/ca/ca.go:299.2,300.44 2 0
github.com/hyperledger/fabric/membersrvc/ca/ca.go:295.16,297.3 1 1
github.com/hyperledger/fabric/membersrvc/ca/ca.go:303.77,307.16 3 1
github.com/hyperledger/fabric/membersrvc/ca/ca.go:311.2,317.16 3 1
github.com/hyperledger/fabric/membersrvc/ca/ca.go:321.2,321.12 1 1
github.com/hyperledger/fabric/membersrvc/ca/ca.go:307.16,309.3 1 0
github.com/hyperledger/fabric/membersrvc/ca/ca.go:317.16,319.3 1 0
github.com/hyperledger/fabric/membersrvc/ca/ca.go:324.62,328.16 3 1
github.com/hyperledger/fabric/membersrvc/ca/ca.go:332.2,333.25 2 1
github.com/hyperledger/fabric/membersrvc/ca/ca.go:328.16,330.3 1 1
github.com/hyperledger/fabric/membersrvc/ca/ca.go:336.153,339.2 2 0
github.com/hyperledger/fabric/membersrvc/ca/ca.go:341.112,345.16 3 0
github.com/hyperledger/fabric/membersrvc/ca/ca.go:350.2,352.204 3 0
github.com/hyperledger/fabric/membersrvc/ca/ca.go:356.2,356.17 1 0
github.com/hyperledger/fabric/membersrvc/ca/ca.go:345.16,348.3 2 0
github.com/hyperledger/fabric/membersrvc/ca/ca.go:352.204,354.3 1 0
github.com/hyperledger/fabric/membersrvc/ca/ca.go:359.117,362.2 2 1
github.com/hyperledger/fabric/membersrvc/ca/ca.go:364.77,389.36 6 1
github.com/hyperledger/fabric/membersrvc/ca/ca.go:393.2,393.10 1 1
github.com/hyperledger/fabric/membersrvc/ca/ca.go:397.2,404.24 2 1
github.com/hyperledger/fabric/membersrvc/ca/ca.go:408.2,408.17 1 1
github.com/hyperledger/fabric/membersrvc/ca/ca.go:389.36,392.3 2 1
github.com/hyperledger/fabric/membersrvc/ca/ca.go:393.10,395.3 1 1
github.com/hyperledger/fabric/membersrvc/ca/ca.go:404.24,406.3 1 0
github.com/hyperledger/fabric/membersrvc/ca/ca.go:411.79,418.2 4 0
github.com/hyperledger/fabric/membersrvc/ca/ca.go:420.69,427.2 4 0
github.com/hyperledger/fabric/membersrvc/ca/ca.go:429.76,432.33 2 0
github.com/hyperledger/fabric/membersrvc/ca/ca.go:436.2,436.76 1 0
github.com/hyperledger/fabric/membersrvc/ca/ca.go:432.33,434.3 1 0
github.com/hyperledger/fabric/membersrvc/ca/ca.go:439.83,443.2 2 0
github.com/hyperledger/fabric/membersrvc/ca/ca.go:445.66,453.2 5 0
github.com/hyperledger/fabric/membersrvc/ca/ca.go:455.68,461.16 5 1
github.com/hyperledger/fabric/membersrvc/ca/ca.go:466.2,468.24 2 1
github.com/hyperledger/fabric/membersrvc/ca/ca.go:461.16,465.3 2 0
github.com/hyperledger/fabric/membersrvc/ca/ca.go:479.53,484.2 3 1
github.com/hyperledger/fabric/membersrvc/ca/ca.go:487.114,495.33 3 1
github.com/hyperledger/fabric/membersrvc/ca/ca.go:509.2,509.16 1 0
github.com/hyperledger/fabric/membersrvc/ca/ca.go:495.33,497.17 2 1
github.com/hyperledger/fabric/membersrvc/ca/ca.go:501.3,501.13 1 1
github.com/hyperledger/fabric/membersrvc/ca/ca.go:506.3,506.63 1 1
github.com/hyperledger/fabric/membersrvc/ca/ca.go:497.17,499.4 1 0
github.com/hyperledger/fabric/membersrvc/ca/ca.go:501.13,504.4 2 0
github.com/hyperledger/fabric/membersrvc/ca/ca.go:514.114,523.16 7 1
github.com/hyperledger/fabric/membersrvc/ca/ca.go:526.2,527.16 2 1
github.com/hyperledger/fabric/membersrvc/ca/ca.go:530.2,530.17 1 1
github.com/hyperledger/fabric/membersrvc/ca/ca.go:523.16,525.3 1 0
github.com/hyperledger/fabric/membersrvc/ca/ca.go:527.16,529.3 1 0
github.com/hyperledger/fabric/membersrvc/ca/ca.go:535.112,541.16 5 1
github.com/hyperledger/fabric/membersrvc/ca/ca.go:545.2,546.37 2 1
github.com/hyperledger/fabric/membersrvc/ca/ca.go:552.2,554.16 2 1
github.com/hyperledger/fabric/membersrvc/ca/ca.go:558.2,558.17 1 1
github.com/hyperledger/fabric/membersrvc/ca/ca.go:541.16,543.3 1 0
github.com/hyperledger/fabric/membersrvc/ca/ca.go:546.37,548.3 1 1
github.com/hyperledger/fabric/membersrvc/ca/ca.go:548.3,550.3 1 0
github.com/hyperledger/fabric/membersrvc/ca/ca.go:554.16,556.3 1 0
github.com/hyperledger/fabric/membersrvc/ca/ca.go:564.78,571.16 6 1
github.com/hyperledger/fabric/membersrvc/ca/ca.go:574.2,574.15 1 1
github.com/hyperledger/fabric/membersrvc/ca/ca.go:578.2,578.42 1 1
github.com/hyperledger/fabric/membersrvc/ca/ca.go:585.2,587.16 2 1
github.com/hyperledger/fabric/membersrvc/ca/ca.go:591.2,591.12 1 1
github.com/hyperledger/fabric/membersrvc/ca/ca.go:571.16,573.3 1 0
github.com/hyperledger/fabric/membersrvc/ca/ca.go:574.15,576.3 1 0
github.com/hyperledger/fabric/membersrvc/ca/ca.go:578.42,580.17 2 1
github.com/hyperledger/fabric/membersrvc/ca/ca.go:580.17,582.4 1 0
github.com/hyperledger/fabric/membersrvc/ca/ca.go:587.16,589.3 1 0
github.com/hyperledger/fabric/membersrvc/ca/ca.go:597.43,602.16 4 0
github.com/hyperledger/fabric/membersrvc/ca/ca.go:614.2,614.12 1 0
github.com/hyperledger/fabric/membersrvc/ca/ca.go:602.16,604.17 2 0
github.com/hyperledger/fabric/membersrvc/ca/ca.go:608.3,609.17 2 0
github.com/hyperledger/fabric/membersrvc/ca/ca.go:604.17,606.4 1 0
github.com/hyperledger/fabric/membersrvc/ca/ca.go:609.17,611.4 1 0
github.com/hyperledger/fabric/membersrvc/ca/ca.go:619.44,623.2 2 0
github.com/hyperledger/fabric/membersrvc/ca/ca.go:627.54,631.2 2 0
github.com/hyperledger/fabric/membersrvc/ca/ca.go:635.39,642.2 4 0
github.com/hyperledger/fabric/membersrvc/ca/ca.go:644.68,648.16 3 1
github.com/hyperledger/fabric/membersrvc/ca/ca.go:651.2,654.18 3 1
github.com/hyperledger/fabric/membersrvc/ca/ca.go:663.2,665.35 3 1
github.com/hyperledger/fabric/membersrvc/ca/ca.go:671.2,671.23 1 1
github.com/hyperledger/fabric/membersrvc/ca/ca.go:648.16,650.3 1 0
github.com/hyperledger/fabric/membersrvc/ca/ca.go:654.18,657.66 3 1
github.com/hyperledger/fabric/membersrvc/ca/ca.go:660.3,660.21 1 1
github.com/hyperledger/fabric/membersrvc/ca/ca.go:657.66,659.4 1 0
github.com/hyperledger/fabric/membersrvc/ca/ca.go:665.35,669.3 3 1
github.com/hyperledger/fabric/membersrvc/ca/ca.go:674.92,675.49 1 1
github.com/hyperledger/fabric/membersrvc/ca/ca.go:679.2,679.103 1 1
github.com/hyperledger/fabric/membersrvc/ca/ca.go:683.2,683.51 1 1
github.com/hyperledger/fabric/membersrvc/ca/ca.go:675.49,677.3 1 0
github.com/hyperledger/fabric/membersrvc/ca/ca.go:679.103,681.3 1 0
github.com/hyperledger/fabric/membersrvc/ca/ca.go:686.102,688.20 1 1
github.com/hyperledger/fabric/membersrvc/ca/ca.go:692.2,694.32 2 1
github.com/hyperledger/fabric/membersrvc/ca/ca.go:698.2,702.8 5 1
github.com/hyperledger/fabric/membersrvc/ca/ca.go:688.20,690.3 1 0
github.com/hyperledger/fabric/membersrvc/ca/ca.go:694.32,696.3 1 0
github.com/hyperledger/fabric/membersrvc/ca/client_grpc.go:12.81,17.2 4 1
github.com/hyperledger/fabric/membersrvc/ca/client_grpc.go:20.62,22.16 2 1
github.com/hyperledger/fabric/membersrvc/ca/client_grpc.go:26.2,28.26 2 1
github.com/hyperledger/fabric/membersrvc/ca/client_grpc.go:22.16,24.3 1 0
github.com/hyperledger/fabric/membersrvc/ca/eca.go:75.44,77.2 1 1
github.com/hyperledger/fabric/membersrvc/ca/eca.go:81.20,84.2 2 1
github.com/hyperledger/fabric/membersrvc/ca/eca.go:146.2,148.12 3 1
github.com/hyperledger/fabric/membersrvc/ca/eca.go:84.2,89.17 3 1
github.com/hyperledger/fabric/membersrvc/ca/eca.go:103.3,104.17 2 1
github.com/hyperledger/fabric/membersrvc/ca/eca.go:89.17,96.18 6 1
github.com/hyperledger/fabric/membersrvc/ca/eca.go:96.18,98.5 1 0
github.com/hyperledger/fabric/membersrvc/ca/eca.go:99.4,101.4 1 0
github.com/hyperledger/fabric/membersrvc/ca/eca.go:104.17,106.4 1 0
github.com/hyperledger/fabric/membersrvc/ca/eca.go:109.2,113.17 3 1
github.com/hyperledger/fabric/membersrvc/ca/eca.go:137.3,143.6 3 1
github.com/hyperledger/fabric/membersrvc/ca/eca.go:113.17,116.18 3 0
github.com/hyperledger/fabric/membersrvc/ca/eca.go:116.18,118.5 1 0
github.com/hyperledger/fabric/membersrvc/ca/eca.go:119.4,121.18 2 1
github.com/hyperledger/fabric/membersrvc/ca/eca.go:125.4,132.18 4 1
github.com/hyperledger/fabric/membersrvc/ca/eca.go:121.18,123.5 1 0
github.com/hyperledger/fabric/membersrvc/ca/eca.go:132.18,134.5 1 0
github.com/hyperledger/fabric/membersrvc/ca/eca.go:153.38,156.30 2 1
github.com/hyperledger/fabric/membersrvc/ca/eca.go:156.30,159.17 3 1
github.com/hyperledger/fabric/membersrvc/ca/eca.go:163.3,164.21 2 1
github.com/hyperledger/fabric/membersrvc/ca/eca.go:168.3,168.77 1 1
github.com/hyperledger/fabric/membersrvc/ca/eca.go:159.17,161.4 1 0
github.com/hyperledger/fabric/membersrvc/ca/eca.go:164.21,167.4 2 1
github.com/hyperledger/fabric/membersrvc/ca/eca.go:174.68,178.43 4 1
github.com/hyperledger/fabric/membersrvc/ca/eca.go:178.43,180.3 1 1
github.com/hyperledger/fabric/membersrvc/ca/eca.go:186.50,189.38 3 1
github.com/hyperledger/fabric/membersrvc/ca/eca.go:189.38,191.3 1 1
github.com/hyperledger/fabric/membersrvc/ca/eca.go:196.41,201.2 3 1
github.com/hyperledger/fabric/membersrvc/ca/eca.go:203.45,205.2 1 1
github.com/hyperledger/fabric/membersrvc/ca/eca.go:207.45,209.2 1 1
github.com/hyperledger/fabric/membersrvc/ca/eca.go:213.90,217.2 2 0
github.com/hyperledger/fabric/membersrvc/ca/eca.go:219.56,222.16 2 0
github.com/hyperledger/fabric/membersrvc/ca/eca.go:225.2,234.16 5 0
github.com/hyperledger/fabric/membersrvc/ca/eca.go:238.2,242.16 3 0
github.com/hyperledger/fabric/membersrvc/ca/eca.go:246.2,252.16 5 0
github.com/hyperledger/fabric/membersrvc/ca/eca.go:256.2,256.48 1 0
github.com/hyperledger/fabric/membersrvc/ca/eca.go:259.2,259.49 1 0
github.com/hyperledger/fabric/membersrvc/ca/eca.go:222.16,224.3 1 0
github.com/hyperledger/fabric/membersrvc/ca/eca.go:234.16,236.3 1 0
github.com/hyperledger/fabric/membersrvc/ca/eca.go:242.16,244.3 1 0
github.com/hyperledger/fabric/membersrvc/ca/eca.go:252.16,254.3 1 0
github.com/hyperledger/fabric/membersrvc/ca/eca.go:256.48,258.3 1 0
github.com/hyperledger/fabric/membersrvc/ca/eca.go:264.114,275.49 7 0
github.com/hyperledger/fabric/membersrvc/ca/eca.go:279.2,280.16 2 0
github.com/hyperledger/fabric/membersrvc/ca/eca.go:284.2,285.9 2 0
github.com/hyperledger/fabric/membersrvc/ca/eca.go:383.2,383.83 1 0
github.com/hyperledger/fabric/membersrvc/ca/eca.go:275.49,277.3 1 0
github.com/hyperledger/fabric/membersrvc/ca/eca.go:280.16,282.3 1 0
github.com/hyperledger/fabric/membersrvc/ca/eca.go:286.2,291.17 3 0
github.com/hyperledger/fabric/membersrvc/ca/eca.go:296.3,298.17 3 0
github.com/hyperledger/fabric/membersrvc/ca/eca.go:302.3,303.17 2 0
github.com/hyperledger/fabric/membersrvc/ca/eca.go:307.3,308.98 2 0
github.com/hyperledger/fabric/membersrvc/ca/eca.go:310.2,312.56 1 0
github.com/hyperledger/fabric/membersrvc/ca/eca.go:317.3,324.42 6 0
github.com/hyperledger/fabric/membersrvc/ca/eca.go:327.3,328.17 2 0
github.com/hyperledger/fabric/membersrvc/ca/eca.go:332.3,335.74 4 0
github.com/hyperledger/fabric/membersrvc/ca/eca.go:340.3,344.17 4 0
github.com/hyperledger/fabric/membersrvc/ca/eca.go:349.3,351.17 3 0
github.com/hyperledger/fabric/membersrvc/ca/eca.go:357.3,358.17 2 0
github.com/hyperledger/fabric/membersrvc/ca/eca.go:364.3,365.37 2 0
github.com/hyperledger/fabric/membersrvc/ca/eca.go:370.3,370.34 1 0
github.com/hyperledger/fabric/membersrvc/ca/eca.go:380.3,380.174 1 0
github.com/hyperledger/fabric/membersrvc/ca/eca.go:291.17,294.4 2 0
github.com/hyperledger/fabric/membersrvc/ca/eca.go:298.17,300.4 1 0
github.com/hyperledger/fabric/membersrvc/ca/eca.go:303.17,305.4 1 0
github.com/hyperledger/fabric/membersrvc/ca/eca.go:312.56,314.4 1 0
github.com/hyperledger/fabric/membersrvc/ca/eca.go:324.42,326.4 1 0
github.com/hyperledger/fabric/membersrvc/ca/eca.go:328.17,330.4 1 0
github.com/hyperledger/fabric/membersrvc/ca/eca.go:335.74,337.4 1 0
github.com/hyperledger/fabric/membersrvc/ca/eca.go:344.17,347.4 2 0
github.com/hyperledger/fabric/membersrvc/ca/eca.go:351.17,355.4 3 0
github.com/hyperledger/fabric/membersrvc/ca/eca.go:358.17,362.4 3 0
github.com/hyperledger/fabric/membersrvc/ca/eca.go:365.37,367.4 1 0
github.com/hyperledger/fabric/membersrvc/ca/eca.go:367.4,369.4 1 0
github.com/hyperledger/fabric/membersrvc/ca/eca.go:370.34,372.36 1 0
github.com/hyperledger/fabric/membersrvc/ca/eca.go:372.36,374.19 2 0
github.com/hyperledger/fabric/membersrvc/ca/eca.go:374.19,377.6 1 0
github.com/hyperledger/fabric/membersrvc/ca/eca.go:388.103,395.16 5 0
github.com/hyperledger/fabric/membersrvc/ca/eca.go:404.2,404.46 1 0
github.com/hyperledger/fabric/membersrvc/ca/eca.go:395.16,396.19 1 0
github.com/hyperledger/fabric/membersrvc/ca/eca.go:401.3,401.19 1 0
github.com/hyperledger/fabric/membersrvc/ca/eca.go:396.19,400.4 3 0
github.com/hyperledger/fabric/membersrvc/ca/eca.go:409.95,414.2 3 0
github.com/hyperledger/fabric/membersrvc/ca/eca.go:418.100,422.2 2 0
github.com/hyperledger/fabric/membersrvc/ca/eca.go:427.96,432.2 3 0
github.com/hyperledger/fabric/membersrvc/ca/eca.go:436.96,440.54 3 0
github.com/hyperledger/fabric/membersrvc/ca/eca.go:444.2,445.16 2 0
github.com/hyperledger/fabric/membersrvc/ca/eca.go:448.2,449.16 2 0
github.com/hyperledger/fabric/membersrvc/ca/eca.go:453.2,463.83 9 0
github.com/hyperledger/fabric/membersrvc/ca/eca.go:467.2,468.16 2 0
github.com/hyperledger/fabric/membersrvc/ca/eca.go:471.2,474.16 3 0
github.com/hyperledger/fabric/membersrvc/ca/eca.go:485.2,485.32 1 0
github.com/hyperledger/fabric/membersrvc/ca/eca.go:440.54,442.3 1 0
github.com/hyperledger/fabric/membersrvc/ca/eca.go:445.16,447.3 1 0
github.com/hyperledger/fabric/membersrvc/ca/eca.go:449.16,451.3 1 0
github.com/hyperledger/fabric/membersrvc/ca/eca.go:463.83,465.3 1 0
github.com/hyperledger/fabric/membersrvc/ca/eca.go:468.16,470.3 1 0
github.com/hyperledger/fabric/membersrvc/ca/eca.go:474.16,475.19 1 0
github.com/hyperledger/fabric/membersrvc/ca/eca.go:482.3,482.19 1 0
github.com/hyperledger/fabric/membersrvc/ca/eca.go:475.19,481.4 4 0
github.com/hyperledger/fabric/membersrvc/ca/eca.go:490.96,494.2 2 0
github.com/hyperledger/fabric/membersrvc/ca/eca.go:498.86,502.2 2 0
github.com/hyperledger/fabric/membersrvc/ca/tca.go:82.44,84.2 1 1
github.com/hyperledger/fabric/membersrvc/ca/tca.go:87.28,91.16 3 1
github.com/hyperledger/fabric/membersrvc/ca/tca.go:95.2,96.16 2 1
github.com/hyperledger/fabric/membersrvc/ca/tca.go:100.2,101.16 2 1
github.com/hyperledger/fabric/membersrvc/ca/tca.go:104.2,104.12 1 1
github.com/hyperledger/fabric/membersrvc/ca/tca.go:91.16,93.3 1 0
github.com/hyperledger/fabric/membersrvc/ca/tca.go:96.16,98.3 1 0
github.com/hyperledger/fabric/membersrvc/ca/tca.go:101.16,103.3 1 0
github.com/hyperledger/fabric/membersrvc/ca/tca.go:108.37,111.16 3 1
github.com/hyperledger/fabric/membersrvc/ca/tca.go:124.2,125.12 2 1
github.com/hyperledger/fabric/membersrvc/ca/tca.go:111.16,117.17 5 1
github.com/hyperledger/fabric/membersrvc/ca/tca.go:117.17,119.4 1 0
github.com/hyperledger/fabric/membersrvc/ca/tca.go:120.3,122.3 1 0
github.com/hyperledger/fabric/membersrvc/ca/tca.go:129.40,132.16 3 1
github.com/hyperledger/fabric/membersrvc/ca/tca.go:145.2,146.12 2 1
github.com/hyperledger/fabric/membersrvc/ca/tca.go:132.16,138.17 5 1
github.com/hyperledger/fabric/membersrvc/ca/tca.go:138.17,140.4 1 0
github.com/hyperledger/fabric/membersrvc/ca/tca.go:141.3,143.3 1 0
github.com/hyperledger/fabric/membersrvc/ca/tca.go:149.80,152.16 3 1
github.com/hyperledger/fabric/membersrvc/ca/tca.go:155.2,155.26 1 1
github.com/hyperledger/fabric/membersrvc/ca/tca.go:152.16,154.3 1 0
github.com/hyperledger/fabric/membersrvc/ca/tca.go:158.77,159.32 1 1
github.com/hyperledger/fabric/membersrvc/ca/tca.go:163.2,165.12 3 1
github.com/hyperledger/fabric/membersrvc/ca/tca.go:159.32,162.3 1 1
github.com/hyperledger/fabric/membersrvc/ca/tca.go:168.70,169.25 1 1
github.com/hyperledger/fabric/membersrvc/ca/tca.go:174.2,174.48 1 1
github.com/hyperledger/fabric/membersrvc/ca/tca.go:169.25,173.3 2 1
github.com/hyperledger/fabric/membersrvc/ca/tca.go:177.46,180.16 3 1
github.com/hyperledger/fabric/membersrvc/ca/tca.go:183.2,184.31 2 1
github.com/hyperledger/fabric/membersrvc/ca/tca.go:195.2,195.12 1 1
github.com/hyperledger/fabric/membersrvc/ca/tca.go:180.16,182.3 1 0
github.com/hyperledger/fabric/membersrvc/ca/tca.go:184.31,185.26 1 1
github.com/hyperledger/fabric/membersrvc/ca/tca.go:191.3,192.41 2 1
github.com/hyperledger/fabric/membersrvc/ca/tca.go:185.26,187.18 2 1
github.com/hyperledger/fabric/membersrvc/ca/tca.go:187.18,189.5 1 0
github.com/hyperledger/fabric/membersrvc/ca/tca.go:198.86,200.16 2 0
github.com/hyperledger/fabric/membersrvc/ca/tca.go:203.2,204.17 2 0
github.com/hyperledger/fabric/membersrvc/ca/tca.go:207.2,207.18 1 0
github.com/hyperledger/fabric/membersrvc/ca/tca.go:200.16,202.3 1 0
github.com/hyperledger/fabric/membersrvc/ca/tca.go:204.17,206.3 1 0
github.com/hyperledger/fabric/membersrvc/ca/tca.go:211.41,217.2 4 1
github.com/hyperledger/fabric/membersrvc/ca/tca.go:219.45,220.35 1 1
github.com/hyperledger/fabric/membersrvc/ca/tca.go:220.35,222.3 1 0
github.com/hyperledger/fabric/membersrvc/ca/tca.go:225.45,227.2 1 1
github.com/hyperledger/fabric/membersrvc/ca/tca.go:229.45,231.2 1 1
github.com/hyperledger/fabric/membersrvc/ca/tca.go:234.90,238.2 2 0
github.com/hyperledger/fabric/membersrvc/ca/tca.go:240.87,242.16 2 0
github.com/hyperledger/fabric/membersrvc/ca/tca.go:246.2,248.28 2 0
github.com/hyperledger/fabric/membersrvc/ca/tca.go:251.2,252.44 2 0
github.com/hyperledger/fabric/membersrvc/ca/tca.go:277.2,277.17 1 0
github.com/hyperledger/fabric/membersrvc/ca/tca.go:242.16,244.3 1 0
github.com/hyperledger/fabric/membersrvc/ca/tca.go:248.28,250.3 1 0
github.com/hyperledger/fabric/membersrvc/ca/tca.go:252.44,255.35 2 0
github.com/hyperledger/fabric/membersrvc/ca/tca.go:255.35,256.67 1 0
github.com/hyperledger/fabric/membersrvc/ca/tca.go:260.4,260.34 1 0
github.com/hyperledger/fabric/membersrvc/ca/tca.go:263.4,264.31 2 0
github.com/hyperledger/fabric/membersrvc/ca/tca.go:267.4,267.29 1 0
github.com/hyperledger/fabric/membersrvc/ca/tca.go:272.4,272.103 1 0
github.com/hyperledger/fabric/membersrvc/ca/tca.go:256.67,257.13 1 0
github.com/hyperledger/fabric/membersrvc/ca/tca.go:260.34,261.13 1 0
github.com/hyperledger/fabric/membersrvc/ca/tca.go:264.31,266.5 1 0
github.com/hyperledger/fabric/membersrvc/ca/tca.go:267.29,269.5 1 0
github.com/hyperledger/fabric/membersrvc/ca/tca.go:272.103,274.5 1 0
github.com/hyperledger/fabric/membersrvc/ca/tca.go:280.120,283.16 2 0
github.com/hyperledger/fabric/membersrvc/ca/tca.go:286.2,289.28 3 0
github.com/hyperledger/fabric/membersrvc/ca/tca.go:294.2,303.16 4 0
github.com/hyperledger/fabric/membersrvc/ca/tca.go:307.2,311.16 3 0
github.com/hyperledger/fabric/membersrvc/ca/tca.go:315.2,321.16 5 0
github.com/hyperledger/fabric/membersrvc/ca/tca.go:325.2,325.43 1 0
github.com/hyperledger/fabric/membersrvc/ca/tca.go:329.2,329.51 1 0
github.com/hyperledger/fabric/membersrvc/ca/tca.go:283.16,285.3 1 0
github.com/hyperledger/fabric/membersrvc/ca/tca.go:289.28,292.3 2 0
github.com/hyperledger/fabric/membersrvc/ca/tca.go:303.16,305.3 1 0
github.com/hyperledger/fabric/membersrvc/ca/tca.go:311.16,313.3 1 0
github.com/hyperledger/fabric/membersrvc/ca/tca.go:321.16,323.3 1 0
github.com/hyperledger/fabric/membersrvc/ca/tca.go:325.43,327.3 1 0
github.com/hyperledger/fabric/membersrvc/ca/tca.go:334.119,339.16 4 0
github.com/hyperledger/fabric/membersrvc/ca/tca.go:343.2,344.58 2 0
github.com/hyperledger/fabric/membersrvc/ca/tca.go:351.2,352.16 2 0
github.com/hyperledger/fabric/membersrvc/ca/tca.go:356.2,368.53 9 0
github.com/hyperledger/fabric/membersrvc/ca/tca.go:373.2,382.14 8 0
github.com/hyperledger/fabric/membersrvc/ca/tca.go:387.2,389.27 2 0
github.com/hyperledger/fabric/membersrvc/ca/tca.go:436.2,436.103 1 0
github.com/hyperledger/fabric/membersrvc/ca/tca.go:339.16,341.3 1 0
github.com/hyperledger/fabric/membersrvc/ca/tca.go:344.58,346.17 2 0
github.com/hyperledger/fabric/membersrvc/ca/tca.go:346.17,348.4 1 0
github.com/hyperledger/fabric/membersrvc/ca/tca.go:352.16,354.3 1 0
github.com/hyperledger/fabric/membersrvc/ca/tca.go:368.53,370.3 1 0
github.com/hyperledger/fabric/membersrvc/ca/tca.go:382.14,384.3 1 0
github.com/hyperledger/fabric/membersrvc/ca/tca.go:389.27,417.17 20 0
github.com/hyperledger/fabric/membersrvc/ca/tca.go:421.3,423.17 2 0
github.com/hyperledger/fabric/membersrvc/ca/tca.go:427.3,428.93 2 0
github.com/hyperledger/fabric/membersrvc/ca/tca.go:433.3,433.43 1 0
github.com/hyperledger/fabric/membersrvc/ca/tca.go:417.17,419.4 1 0
github.com/hyperledger/fabric/membersrvc/ca/tca.go:423.17,425.4 1 0
github.com/hyperledger/fabric/membersrvc/ca/tca.go:428.93,431.4 2 0
github.com/hyperledger/fabric/membersrvc/ca/tca.go:440.165,446.16 3 0
github.com/hyperledger/fabric/membersrvc/ca/tca.go:450.2,463.16 10 0
github.com/hyperledger/fabric/membersrvc/ca/tca.go:470.2,474.26 4 0
github.com/hyperledger/fabric/membersrvc/ca/tca.go:496.2,502.20 3 0
github.com/hyperledger/fabric/membersrvc/ca/tca.go:516.2,516.31 1 0
github.com/hyperledger/fabric/membersrvc/ca/tca.go:446.16,448.3 1 0
github.com/hyperledger/fabric/membersrvc/ca/tca.go:463.16,465.3 1 0
github.com/hyperledger/fabric/membersrvc/ca/tca.go:474.26,481.56 4 0
github.com/hyperledger/fabric/membersrvc/ca/tca.go:489.3,492.94 2 0
github.com/hyperledger/fabric/membersrvc/ca/tca.go:481.56,483.18 2 0
github.com/hyperledger/fabric/membersrvc/ca/tca.go:483.18,485.5 1 0
github.com/hyperledger/fabric/membersrvc/ca/tca.go:502.20,504.17 2 0
github.com/hyperledger/fabric/membersrvc/ca/tca.go:507.3,507.56 1 0
github.com/hyperledger/fabric/membersrvc/ca/tca.go:513.3,513.115 1 0
github.com/hyperledger/fabric/membersrvc/ca/tca.go:504.17,506.4 1 0
github.com/hyperledger/fabric/membersrvc/ca/tca.go:507.56,509.18 2 0
github.com/hyperledger/fabric/membersrvc/ca/tca.go:509.18,511.5 1 0
github.com/hyperledger/fabric/membersrvc/ca/tca.go:520.95,526.96 4 0
github.com/hyperledger/fabric/membersrvc/ca/tca.go:530.2,531.16 2 0
github.com/hyperledger/fabric/membersrvc/ca/tca.go:534.2,535.16 2 0
github.com/hyperledger/fabric/membersrvc/ca/tca.go:539.2,549.83 9 0
github.com/hyperledger/fabric/membersrvc/ca/tca.go:553.2,553.24 1 0
github.com/hyperledger/fabric/membersrvc/ca/tca.go:558.2,558.16 1 0
github.com/hyperledger/fabric/membersrvc/ca/tca.go:562.2,562.27 1 0
github.com/hyperledger/fabric/membersrvc/ca/tca.go:526.96,528.3 1 0
github.com/hyperledger/fabric/membersrvc/ca/tca.go:531.16,533.3 1 0
github.com/hyperledger/fabric/membersrvc/ca/tca.go:535.16,537.3 1 0
github.com/hyperledger/fabric/membersrvc/ca/tca.go:549.83,551.3 1 0
github.com/hyperledger/fabric/membersrvc/ca/tca.go:553.24,555.3 1 0
github.com/hyperledger/fabric/membersrvc/ca/tca.go:555.3,557.3 1 0
github.com/hyperledger/fabric/membersrvc/ca/tca.go:558.16,560.3 1 0
github.com/hyperledger/fabric/membersrvc/ca/tca.go:566.104,572.71 4 0
github.com/hyperledger/fabric/membersrvc/ca/tca.go:576.2,577.16 2 0
github.com/hyperledger/fabric/membersrvc/ca/tca.go:580.2,581.16 2 0
github.com/hyperledger/fabric/membersrvc/ca/tca.go:585.2,595.83 9 0
github.com/hyperledger/fabric/membersrvc/ca/tca.go:599.2,600.16 2 0
github.com/hyperledger/fabric/membersrvc/ca/tca.go:603.2,607.18 4 0
github.com/hyperledger/fabric/membersrvc/ca/tca.go:616.2,616.34 1 0
github.com/hyperledger/fabric/membersrvc/ca/tca.go:620.2,620.54 1 0
github.com/hyperledger/fabric/membersrvc/ca/tca.go:572.71,574.3 1 0
github.com/hyperledger/fabric/membersrvc/ca/tca.go:577.16,579.3 1 0
github.com/hyperledger/fabric/membersrvc/ca/tca.go:581.16,583.3 1 0
github.com/hyperledger/fabric/membersrvc/ca/tca.go:595.83,597.3 1 0
github.com/hyperledger/fabric/membersrvc/ca/tca.go:600.16,602.3 1 0
github.com/hyperledger/fabric/membersrvc/ca/tca.go:607.18,609.49 2 0
github.com/hyperledger/fabric/membersrvc/ca/tca.go:614.3,614.58 1 0
github.com/hyperledger/fabric/membersrvc/ca/tca.go:609.49,611.4 1 0
github.com/hyperledger/fabric/membersrvc/ca/tca.go:616.34,618.3 1 0
github.com/hyperledger/fabric/membersrvc/ca/tca.go:624.96,628.2 2 0
github.com/hyperledger/fabric/membersrvc/ca/tca.go:631.102,635.2 2 0
github.com/hyperledger/fabric/membersrvc/ca/tca.go:638.107,642.58 3 0
github.com/hyperledger/fabric/membersrvc/ca/tca.go:646.2,647.16 2 0
github.com/hyperledger/fabric/membersrvc/ca/tca.go:650.2,651.16 2 0
github.com/hyperledger/fabric/membersrvc/ca/tca.go:655.2,665.83 9 0
github.com/hyperledger/fabric/membersrvc/ca/tca.go:669.2,670.16 2 0
github.com/hyperledger/fabric/membersrvc/ca/tca.go:673.2,677.21 4 0
github.com/hyperledger/fabric/membersrvc/ca/tca.go:680.2,680.19 1 0
github.com/hyperledger/fabric/membersrvc/ca/tca.go:684.2,685.19 2 0
github.com/hyperledger/fabric/membersrvc/ca/tca.go:728.2,728.35 1 0
github.com/hyperledger/fabric/membersrvc/ca/tca.go:732.2,732.32 1 0
github.com/hyperledger/fabric/membersrvc/ca/tca.go:642.58,644.3 1 0
github.com/hyperledger/fabric/membersrvc/ca/tca.go:647.16,649.3 1 0
github.com/hyperledger/fabric/membersrvc/ca/tca.go:651.16,653.3 1 0
github.com/hyperledger/fabric/membersrvc/ca/tca.go:665.83,667.3 1 0
github.com/hyperledger/fabric/membersrvc/ca/tca.go:670.16,672.3 1 0
github.com/hyperledger/fabric/membersrvc/ca/tca.go:677.21,679.3 1 0
github.com/hyperledger/fabric/membersrvc/ca/tca.go:680.19,682.3 1 0
github.com/hyperledger/fabric/membersrvc/ca/tca.go:685.19,688.47 3 0
github.com/hyperledger/fabric/membersrvc/ca/tca.go:692.3,694.17 3 0
github.com/hyperledger/fabric/membersrvc/ca/tca.go:697.3,704.19 6 0
github.com/hyperledger/fabric/membersrvc/ca/tca.go:722.3,722.35 1 0
github.com/hyperledger/fabric/membersrvc/ca/tca.go:726.3,726.143 1 0
github.com/hyperledger/fabric/membersrvc/ca/tca.go:688.47,690.4 1 0
github.com/hyperledger/fabric/membersrvc/ca/tca.go:694.17,696.4 1 0
github.com/hyperledger/fabric/membersrvc/ca/tca.go:704.19,708.56 3 0
github.com/hyperledger/fabric/membersrvc/ca/tca.go:712.4,712.23 1 0
github.com/hyperledger/fabric/membersrvc/ca/tca.go:720.4,720.60 1 0
github.com/hyperledger/fabric/membersrvc/ca/tca.go:708.56,710.5 1 0
github.com/hyperledger/fabric/membersrvc/ca/tca.go:712.23,717.5 3 0
github.com/hyperledger/fabric/membersrvc/ca/tca.go:722.35,724.4 1 0
github.com/hyperledger/fabric/membersrvc/ca/tca.go:728.35,730.3 1 0
github.com/hyperledger/fabric/membersrvc/ca/tca.go:736.96,740.2 2 0
github.com/hyperledger/fabric/membersrvc/ca/tca.go:743.102,747.2 2 0
github.com/hyperledger/fabric/membersrvc/ca/tca.go:750.86,754.2 2 0
github.com/hyperledger/fabric/membersrvc/ca/tlsca.go:53.46,55.2 1 0
github.com/hyperledger/fabric/membersrvc/ca/tlsca.go:59.32,63.2 2 0
github.com/hyperledger/fabric/membersrvc/ca/tlsca.go:67.45,72.2 3 0
github.com/hyperledger/fabric/membersrvc/ca/tlsca.go:74.51,76.2 1 0
github.com/hyperledger/fabric/membersrvc/ca/tlsca.go:78.51,80.2 1 0
github.com/hyperledger/fabric/membersrvc/ca/tlsca.go:84.94,88.2 2 0
github.com/hyperledger/fabric/membersrvc/ca/tlsca.go:92.118,105.40 9 0
github.com/hyperledger/fabric/membersrvc/ca/tlsca.go:108.2,109.16 2 0
github.com/hyperledger/fabric/membersrvc/ca/tlsca.go:113.2,116.72 4 0
github.com/hyperledger/fabric/membersrvc/ca/tlsca.go:120.2,120.138 1 0
github.com/hyperledger/fabric/membersrvc/ca/tlsca.go:125.2,125.106 1 0
github.com/hyperledger/fabric/membersrvc/ca/tlsca.go:105.40,107.3 1 0
github.com/hyperledger/fabric/membersrvc/ca/tlsca.go:109.16,111.3 1 0
github.com/hyperledger/fabric/membersrvc/ca/tlsca.go:116.72,118.3 1 0
github.com/hyperledger/fabric/membersrvc/ca/tlsca.go:120.138,123.3 2 0
github.com/hyperledger/fabric/membersrvc/ca/tlsca.go:130.101,134.16 3 0
github.com/hyperledger/fabric/membersrvc/ca/tlsca.go:138.2,138.27 1 0
github.com/hyperledger/fabric/membersrvc/ca/tlsca.go:134.16,136.3 1 0
github.com/hyperledger/fabric/membersrvc/ca/tlsca.go:143.102,147.2 2 0
github.com/hyperledger/fabric/membersrvc/ca/tlsca.go:151.102,155.2 2 0
github.com/hyperledger/fabric/membersrvc/ca/util.go:59.60,65.2 5 1
github.com/hyperledger/fabric/membersrvc/ca/util.go:69.33,72.66 2 0
github.com/hyperledger/fabric/membersrvc/ca/util.go:84.2,84.18 1 0
github.com/hyperledger/fabric/membersrvc/ca/util.go:72.66,73.18 1 0
github.com/hyperledger/fabric/membersrvc/ca/util.go:76.3,76.64 1 0
github.com/hyperledger/fabric/membersrvc/ca/util.go:80.3,81.11 2 0
github.com/hyperledger/fabric/membersrvc/ca/util.go:73.18,75.4 1 0
github.com/hyperledger/fabric/membersrvc/ca/util.go:76.64,79.4 2 0
github.com/hyperledger/fabric/membersrvc/ca/util.go:95.42,97.15 2 1
github.com/hyperledger/fabric/membersrvc/ca/util.go:101.2,101.12 1 0
github.com/hyperledger/fabric/membersrvc/ca/util.go:97.15,99.3 1 1
github.com/hyperledger/fabric/membersrvc/ca/util.go:112.36,114.15 2 0
github.com/hyperledger/fabric/membersrvc/ca/util.go:118.2,119.13 2 0
github.com/hyperledger/fabric/membersrvc/ca/util.go:114.15,116.3 1 0
github.com/hyperledger/fabric/membersrvc/ca/util.go:126.55,130.19 3 1
github.com/hyperledger/fabric/membersrvc/ca/util.go:134.2,134.21 1 1
github.com/hyperledger/fabric/membersrvc/ca/util.go:130.19,132.3 1 0
github.com/hyperledger/fabric/membersrvc/ca/util.go:139.34,143.2 3 0
github.com/hyperledger/fabric/membersrvc/ca/util.go:147.36,151.2 3 0
github.com/hyperledger/fabric/membersrvc/ca/util.go:155.48,158.33 2 0
github.com/hyperledger/fabric/membersrvc/ca/util.go:162.2,163.16 2 0
github.com/hyperledger/fabric/membersrvc/ca/util.go:167.2,169.57 3 0
github.com/hyperledger/fabric/membersrvc/ca/util.go:173.2,176.17 3 0
github.com/hyperledger/fabric/membersrvc/ca/util.go:158.33,160.3 1 0
github.com/hyperledger/fabric/membersrvc/ca/util.go:163.16,165.3 1 0
github.com/hyperledger/fabric/membersrvc/ca/util.go:169.57,171.3 1 0
github.com/hyperledger/fabric/membersrvc/ca/util.go:181.50,183.16 2 0
github.com/hyperledger/fabric/membersrvc/ca/util.go:187.2,187.30 1 0
github.com/hyperledger/fabric/membersrvc/ca/util.go:190.2,193.33 3 0
github.com/hyperledger/fabric/membersrvc/ca/util.go:197.2,200.29 3 0
github.com/hyperledger/fabric/membersrvc/ca/util.go:183.16,185.3 1 0
github.com/hyperledger/fabric/membersrvc/ca/util.go:187.30,189.3 1 0
github.com/hyperledger/fabric/membersrvc/ca/util.go:193.33,195.3 1 0
