TN:
SF:/home/thk/Projects/go/src/github.com/hyperledger/fabric/sdk/node/index.js
FNF:0
FNH:0
DA:20,4
LF:1
LH:1
BRF:0
BRH:0
end_of_record
TN:
SF:/home/thk/Projects/go/src/github.com/hyperledger/fabric/sdk/node/lib/hlc.js
FN:21,(anonymous_1)
FN:23,__
FN:76,(anonymous_3)
FN:82,(anonymous_4)
FN:83,Certificate
FN:90,(anonymous_6)
FN:99,(anonymous_7)
FN:101,ECert
FN:112,(anonymous_9)
FN:114,TCert
FN:125,(anonymous_11)
FN:126,Chain
FN:144,(anonymous_13)
FN:152,(anonymous_14)
FN:161,(anonymous_15)
FN:168,(anonymous_16)
FN:175,(anonymous_17)
FN:182,(anonymous_18)
FN:189,(anonymous_19)
FN:196,(anonymous_20)
FN:206,(anonymous_21)
FN:212,(anonymous_22)
FN:218,(anonymous_23)
FN:225,(anonymous_24)
FN:231,(anonymous_25)
FN:237,(anonymous_26)
FN:243,(anonymous_27)
FN:250,(anonymous_28)
FN:257,(anonymous_29)
FN:268,(anonymous_30)
FN:273,(anonymous_31)
FN:281,(anonymous_32)
FN:292,(anonymous_33)
FN:298,(anonymous_34)
FN:305,(anonymous_35)
FN:312,(anonymous_36)
FN:328,(anonymous_37)
FN:334,Member
FN:357,(anonymous_39)
FN:364,(anonymous_40)
FN:372,(anonymous_41)
FN:380,(anonymous_42)
FN:388,(anonymous_43)
FN:396,(anonymous_44)
FN:404,(anonymous_45)
FN:412,(anonymous_46)
FN:421,(anonymous_47)
FN:433,(anonymous_48)
FN:440,(anonymous_49)
FN:448,(anonymous_50)
FN:455,(anonymous_51)
FN:462,(anonymous_52)
FN:470,(anonymous_53)
FN:475,(anonymous_54)
FN:487,(anonymous_55)
FN:497,(anonymous_56)
FN:505,(anonymous_57)
FN:521,(anonymous_58)
FN:529,(anonymous_59)
FN:532,(anonymous_60)
FN:544,(anonymous_61)
FN:554,(anonymous_62)
FN:564,(anonymous_63)
FN:575,(anonymous_64)
FN:578,(anonymous_65)
FN:586,(anonymous_66)
FN:599,(anonymous_67)
FN:610,(anonymous_68)
FN:618,(anonymous_69)
FN:620,(anonymous_70)
FN:635,(anonymous_71)
FN:650,(anonymous_72)
FN:669,(anonymous_73)
FN:671,TransactionContext
FN:683,(anonymous_75)
FN:690,(anonymous_76)
FN:698,(anonymous_77)
FN:706,(anonymous_78)
FN:709,(anonymous_79)
FN:723,(anonymous_80)
FN:725,(anonymous_81)
FN:739,(anonymous_82)
FN:741,(anonymous_83)
FN:755,(anonymous_84)
FN:759,(anonymous_85)
FN:783,(anonymous_86)
FN:789,(anonymous_87)
FN:805,(anonymous_88)
FN:812,(anonymous_89)
FN:819,(anonymous_90)
FN:885,(anonymous_91)
FN:894,(anonymous_92)
FN:950,(anonymous_93)
FN:1022,(anonymous_94)
FN:1029,Peer
FN:1035,(anonymous_96)
FN:1041,(anonymous_97)
FN:1103,(anonymous_98)
FN:1110,(anonymous_99)
FN:1118,(anonymous_100)
FN:1120,(anonymous_101)
FN:1129,(anonymous_102)
FN:1139,(anonymous_103)
FN:1140,Endpoint
FN:1160,(anonymous_105)
FN:1166,MemberServicesImpl
FN:1182,(anonymous_107)
FN:1189,(anonymous_108)
FN:1196,(anonymous_109)
FN:1203,(anonymous_110)
FN:1206,(anonymous_111)
FN:1214,(anonymous_112)
FN:1224,(anonymous_113)
FN:1235,(anonymous_114)
FN:1274,(anonymous_115)
FN:1295,(anonymous_116)
FN:1317,(anonymous_117)
FN:1337,(anonymous_118)
FN:1347,(anonymous_119)
FN:1400,newMemberServices
FN:1407,(anonymous_121)
FN:1408,FileKeyValStore
FN:1414,(anonymous_123)
FN:1428,(anonymous_124)
FN:1430,(anonymous_125)
FN:1445,generateUUID
FN:1452,generateTimestamp
FN:1455,toKeyValStoreName
FN:1461,bluemixInit
FN:1468,nullCB
FN:1471,isString
FN:1475,isObject
FN:1478,isFunction
FN:1481,parseUrl
FN:1491,memberTypesToMask
FN:1515,endsWith
FN:1524,newChain
FN:1539,getChain
FN:1550,stop
FN:1560,newFileKeyValStore
FNF:140
FNH:111
FNDA:12,(anonymous_1)
FNDA:12,__
FNDA:4,(anonymous_3)
FNDA:4,(anonymous_4)
FNDA:792,Certificate
FNDA:0,(anonymous_6)
FNDA:4,(anonymous_7)
FNDA:0,ECert
FNDA:4,(anonymous_9)
FNDA:792,TCert
FNDA:4,(anonymous_11)
FNDA:4,Chain
FNDA:0,(anonymous_13)
FNDA:4,(anonymous_14)
FNDA:0,(anonymous_15)
FNDA:4,(anonymous_16)
FNDA:4,(anonymous_17)
FNDA:4,(anonymous_18)
FNDA:36,(anonymous_19)
FNDA:4,(anonymous_20)
FNDA:48,(anonymous_21)
FNDA:4,(anonymous_22)
FNDA:4,(anonymous_23)
FNDA:20,(anonymous_24)
FNDA:4,(anonymous_25)
FNDA:12,(anonymous_26)
FNDA:0,(anonymous_27)
FNDA:12,(anonymous_28)
FNDA:12,(anonymous_29)
FNDA:4,(anonymous_30)
FNDA:12,(anonymous_31)
FNDA:12,(anonymous_32)
FNDA:24,(anonymous_33)
FNDA:24,(anonymous_34)
FNDA:0,(anonymous_35)
FNDA:24,(anonymous_36)
FNDA:4,(anonymous_37)
FNDA:12,Member
FNDA:36,(anonymous_39)
FNDA:24,(anonymous_40)
FNDA:0,(anonymous_41)
FNDA:0,(anonymous_42)
FNDA:0,(anonymous_43)
FNDA:0,(anonymous_44)
FNDA:0,(anonymous_45)
FNDA:0,(anonymous_46)
FNDA:4,(anonymous_47)
FNDA:8,(anonymous_48)
FNDA:18,(anonymous_49)
FNDA:0,(anonymous_50)
FNDA:28,(anonymous_51)
FNDA:4,(anonymous_52)
FNDA:4,(anonymous_53)
FNDA:4,(anonymous_54)
FNDA:8,(anonymous_55)
FNDA:8,(anonymous_56)
FNDA:8,(anonymous_57)
FNDA:4,(anonymous_58)
FNDA:4,(anonymous_59)
FNDA:4,(anonymous_60)
FNDA:4,(anonymous_61)
FNDA:4,(anonymous_62)
FNDA:16,(anonymous_63)
FNDA:24,(anonymous_64)
FNDA:0,(anonymous_65)
FNDA:24,(anonymous_66)
FNDA:4,(anonymous_67)
FNDA:12,(anonymous_68)
FNDA:12,(anonymous_69)
FNDA:12,(anonymous_70)
FNDA:4,(anonymous_71)
FNDA:12,(anonymous_72)
FNDA:4,(anonymous_73)
FNDA:24,TransactionContext
FNDA:0,(anonymous_75)
FNDA:72,(anonymous_76)
FNDA:0,(anonymous_77)
FNDA:4,(anonymous_78)
FNDA:4,(anonymous_79)
FNDA:4,(anonymous_80)
FNDA:4,(anonymous_81)
FNDA:16,(anonymous_82)
FNDA:16,(anonymous_83)
FNDA:24,(anonymous_84)
FNDA:24,(anonymous_85)
FNDA:2,(anonymous_86)
FNDA:2,(anonymous_87)
FNDA:48,(anonymous_88)
FNDA:24,(anonymous_89)
FNDA:24,(anonymous_90)
FNDA:2,(anonymous_91)
FNDA:4,(anonymous_92)
FNDA:20,(anonymous_93)
FNDA:4,(anonymous_94)
FNDA:4,Peer
FNDA:24,(anonymous_96)
FNDA:24,(anonymous_97)
FNDA:0,(anonymous_98)
FNDA:24,(anonymous_99)
FNDA:8,(anonymous_100)
FNDA:8,(anonymous_101)
FNDA:0,(anonymous_102)
FNDA:4,(anonymous_103)
FNDA:8,Endpoint
FNDA:4,(anonymous_105)
FNDA:4,MemberServicesImpl
FNDA:0,(anonymous_107)
FNDA:0,(anonymous_108)
FNDA:0,(anonymous_109)
FNDA:0,(anonymous_110)
FNDA:4,(anonymous_111)
FNDA:4,(anonymous_112)
FNDA:4,(anonymous_113)
FNDA:8,(anonymous_114)
FNDA:8,(anonymous_115)
FNDA:8,(anonymous_116)
FNDA:4,(anonymous_117)
FNDA:4,(anonymous_118)
FNDA:4,(anonymous_119)
FNDA:4,newMemberServices
FNDA:4,(anonymous_121)
FNDA:4,FileKeyValStore
FNDA:12,(anonymous_123)
FNDA:12,(anonymous_124)
FNDA:12,(anonymous_125)
FNDA:20,generateUUID
FNDA:24,generateTimestamp
FNDA:12,toKeyValStoreName
FNDA:0,bluemixInit
FNDA:0,nullCB
FNDA:0,isString
FNDA:0,isObject
FNDA:0,isFunction
FNDA:8,parseUrl
FNDA:4,memberTypesToMask
FNDA:8,endsWith
FNDA:4,newChain
FNDA:0,getChain
FNDA:0,stop
FNDA:4,newFileKeyValStore
DA:21,4
DA:22,20
DA:23,12
DA:24,12
DA:51,4
DA:52,4
DA:53,4
DA:54,4
DA:55,4
DA:56,4
DA:57,4
DA:58,4
DA:59,4
DA:60,4
DA:61,4
DA:62,4
DA:63,4
DA:64,4
DA:65,4
DA:66,4
DA:67,4
DA:68,4
DA:69,4
DA:70,4
DA:71,4
DA:72,4
DA:73,4
DA:74,4
DA:75,4
DA:76,4
DA:77,4
DA:78,4
DA:80,4
DA:82,4
DA:83,4
DA:86,792
DA:87,792
DA:88,792
DA:90,4
DA:91,0
DA:93,4
DA:95,4
DA:99,4
DA:100,4
DA:101,4
DA:102,0
DA:103,0
DA:104,0
DA:106,4
DA:108,4
DA:112,4
DA:113,4
DA:114,4
DA:115,792
DA:116,792
DA:117,792
DA:119,4
DA:121,4
DA:125,4
DA:126,4
DA:128,4
DA:130,4
DA:133,4
DA:135,4
DA:137,4
DA:138,4
DA:144,4
DA:145,0
DA:152,4
DA:153,4
DA:154,4
DA:155,4
DA:161,4
DA:162,0
DA:168,4
DA:169,4
DA:175,4
DA:176,4
DA:182,4
DA:183,4
DA:189,4
DA:190,36
DA:196,4
DA:197,4
DA:198,4
DA:199,4
DA:206,4
DA:207,48
DA:212,4
DA:213,4
DA:218,4
DA:219,4
DA:225,4
DA:226,20
DA:231,4
DA:232,4
DA:237,4
DA:238,12
DA:243,4
DA:244,0
DA:250,4
DA:251,12
DA:252,12
DA:253,12
DA:254,0
DA:255,12
DA:256,0
DA:257,12
DA:258,12
DA:259,0
DA:260,12
DA:268,4
DA:269,4
DA:273,4
DA:274,12
DA:276,12
DA:277,12
DA:278,0
DA:280,12
DA:281,12
DA:282,12
DA:283,0
DA:284,12
DA:292,4
DA:293,24
DA:294,24
DA:295,0
DA:297,24
DA:298,24
DA:299,24
DA:300,0
DA:301,0
DA:303,24
DA:304,24
DA:305,24
DA:306,0
DA:307,0
DA:308,0
DA:310,24
DA:311,24
DA:312,24
DA:313,24
DA:314,0
DA:315,24
DA:316,24
DA:319,24
DA:321,4
DA:323,4
DA:328,4
DA:334,4
DA:335,12
DA:336,12
DA:337,12
DA:339,0
DA:340,0
DA:341,0
DA:342,0
DA:343,0
DA:344,0
DA:346,12
DA:347,12
DA:348,12
DA:349,12
DA:350,12
DA:351,12
DA:357,4
DA:358,36
DA:364,4
DA:365,24
DA:372,4
DA:373,0
DA:380,4
DA:381,0
DA:388,4
DA:389,0
DA:396,4
DA:397,0
DA:404,4
DA:405,0
DA:412,4
DA:413,0
DA:421,4
DA:422,4
DA:423,0
DA:426,4
DA:433,4
DA:434,8
DA:440,4
DA:441,18
DA:448,4
DA:449,0
DA:455,4
DA:456,28
DA:462,4
DA:463,4
DA:464,4
DA:465,4
DA:466,4
DA:467,0
DA:468,0
DA:470,4
DA:471,4
DA:472,4
DA:473,0
DA:474,4
DA:475,4
DA:476,4
DA:477,0
DA:478,4
DA:487,4
DA:488,8
DA:489,8
DA:490,8
DA:491,8
DA:492,0
DA:493,0
DA:495,8
DA:496,8
DA:497,8
DA:498,8
DA:499,8
DA:500,0
DA:501,8
DA:503,8
DA:505,8
DA:506,8
DA:507,0
DA:510,8
DA:511,8
DA:512,8
DA:513,8
DA:521,4
DA:522,4
DA:523,4
DA:524,4
DA:525,4
DA:526,0
DA:527,0
DA:529,4
DA:530,4
DA:531,0
DA:532,4
DA:533,4
DA:534,0
DA:535,4
DA:544,4
DA:545,4
DA:546,4
DA:547,4
DA:554,4
DA:555,4
DA:556,4
DA:557,4
DA:564,4
DA:565,16
DA:566,16
DA:567,16
DA:575,4
DA:576,24
DA:578,4
DA:579,0
DA:586,4
DA:587,24
DA:588,24
DA:589,0
DA:591,24
DA:592,20
DA:594,4
DA:599,4
DA:600,4
DA:601,0
DA:602,4
DA:603,4
DA:610,4
DA:611,12
DA:612,12
DA:618,4
DA:619,12
DA:620,12
DA:621,12
DA:622,0
DA:624,12
DA:626,4
DA:628,12
DA:635,4
DA:636,4
DA:637,4
DA:638,0
DA:639,4
DA:640,4
DA:641,4
DA:642,4
DA:643,4
DA:644,4
DA:650,4
DA:651,12
DA:652,12
DA:660,12
DA:662,4
DA:664,4
DA:669,4
DA:670,4
DA:671,4
DA:672,24
DA:673,24
DA:674,24
DA:675,24
DA:676,24
DA:677,24
DA:683,4
DA:684,0
DA:690,4
DA:691,72
DA:698,4
DA:699,0
DA:706,4
DA:707,4
DA:708,4
DA:709,4
DA:710,4
DA:711,0
DA:712,0
DA:713,0
DA:715,4
DA:717,4
DA:723,4
DA:724,4
DA:725,4
DA:726,4
DA:727,0
DA:728,0
DA:729,0
DA:731,4
DA:733,4
DA:739,4
DA:740,16
DA:741,16
DA:742,16
DA:743,0
DA:744,0
DA:745,0
DA:747,16
DA:749,16
DA:755,4
DA:756,24
DA:757,24
DA:759,24
DA:760,24
DA:761,0
DA:762,0
DA:764,24
DA:766,24
DA:768,24
DA:769,24
DA:770,24
DA:772,24
DA:774,24
DA:775,24
DA:777,24
DA:778,24
DA:779,24
DA:780,24
DA:782,4
DA:783,4
DA:784,2
DA:785,2
DA:786,2
DA:787,2
DA:789,4
DA:790,2
DA:792,4
DA:795,20
DA:799,0
DA:800,0
DA:803,24
DA:805,4
DA:806,48
DA:807,48
DA:808,24
DA:809,24
DA:811,24
DA:812,24
DA:813,24
DA:814,0
DA:815,24
DA:816,24
DA:819,4
DA:821,24
DA:823,18
DA:825,6
DA:826,6
DA:828,6
DA:830,6
DA:831,6
DA:832,6
DA:833,6
DA:834,6
DA:836,6
DA:837,6
DA:839,1
DA:841,5
DA:844,1
DA:848,4
DA:849,4
DA:853,6
DA:854,6
DA:855,6
DA:856,6
DA:857,5
DA:858,5
DA:861,1
DA:862,1
DA:864,6
DA:865,6
DA:866,6
DA:867,6
DA:868,6
DA:869,6
DA:872,6
DA:873,6
DA:876,6
DA:877,6
DA:879,6
DA:880,6
DA:881,6
DA:882,6
DA:885,4
DA:886,2
DA:887,2
DA:888,2
DA:894,4
DA:895,4
DA:896,4
DA:897,4
DA:898,0
DA:901,4
DA:904,4
DA:905,4
DA:906,4
DA:907,4
DA:909,4
DA:911,4
DA:913,4
DA:915,4
DA:916,4
DA:917,4
DA:918,4
DA:920,4
DA:921,4
DA:922,4
DA:924,4
DA:925,4
DA:928,0
DA:931,4
DA:933,4
DA:934,1
DA:935,1
DA:938,3
DA:939,3
DA:941,4
DA:942,0
DA:944,4
DA:950,4
DA:951,20
DA:953,20
DA:954,20
DA:955,4
DA:958,16
DA:961,20
DA:962,20
DA:963,20
DA:964,20
DA:966,20
DA:968,20
DA:970,20
DA:972,20
DA:973,20
DA:974,20
DA:975,20
DA:977,20
DA:978,20
DA:979,20
DA:981,20
DA:983,20
DA:985,20
DA:986,5
DA:987,5
DA:990,15
DA:991,15
DA:993,20
DA:994,0
DA:996,20
DA:998,0
DA:1000,0
DA:1001,0
DA:1003,0
DA:1005,0
DA:1007,0
DA:1009,0
DA:1010,0
DA:1012,0
DA:1014,20
DA:1016,4
DA:1018,4
DA:1022,4
DA:1029,4
DA:1035,4
DA:1036,24
DA:1041,24
DA:1042,24
DA:1043,0
DA:1044,0
DA:1046,24
DA:1050,24
DA:1051,24
DA:1053,4
DA:1055,4
DA:1056,0
DA:1059,4
DA:1060,4
DA:1065,0
DA:1067,4
DA:1069,4
DA:1071,4
DA:1072,4
DA:1076,0
DA:1078,4
DA:1080,16
DA:1082,8
DA:1086,8
DA:1088,16
DA:1090,0
DA:1094,4
DA:1095,4
DA:1096,4
DA:1097,4
DA:1103,4
DA:1104,0
DA:1110,4
DA:1111,24
DA:1118,4
DA:1119,8
DA:1120,8
DA:1121,8
DA:1122,8
DA:1124,8
DA:1129,4
DA:1130,0
DA:1132,4
DA:1134,4
DA:1139,4
DA:1140,4
DA:1141,8
DA:1142,8
DA:1143,8
DA:1144,8
DA:1145,8
DA:1147,0
DA:1148,0
DA:1149,0
DA:1152,0
DA:1155,4
DA:1160,4
DA:1166,4
DA:1167,4
DA:1168,4
DA:1172,4
DA:1173,4
DA:1174,4
DA:1175,4
DA:1176,4
DA:1182,4
DA:1183,0
DA:1189,4
DA:1190,0
DA:1196,4
DA:1197,0
DA:1203,4
DA:1204,0
DA:1206,4
DA:1207,4
DA:1214,4
DA:1215,4
DA:1216,4
DA:1217,4
DA:1218,0
DA:1219,4
DA:1220,4
DA:1221,4
DA:1222,4
DA:1223,4
DA:1224,4
DA:1225,4
DA:1226,4
DA:1227,4
DA:1235,4
DA:1236,8
DA:1237,8
DA:1238,8
DA:1239,8
DA:1240,0
DA:1241,8
DA:1242,0
DA:1243,8
DA:1246,8
DA:1247,8
DA:1249,8
DA:1250,8
DA:1251,8
DA:1253,8
DA:1254,8
DA:1255,8
DA:1256,8
DA:1257,8
DA:1258,8
DA:1260,8
DA:1264,8
DA:1265,8
DA:1267,8
DA:1271,8
DA:1272,8
DA:1273,8
DA:1274,8
DA:1275,8
DA:1276,0
DA:1277,0
DA:1279,8
DA:1280,8
DA:1284,8
DA:1285,8
DA:1286,8
DA:1287,8
DA:1289,8
DA:1290,8
DA:1295,8
DA:1296,8
DA:1297,0
DA:1298,8
DA:1299,8
DA:1305,8
DA:1317,4
DA:1318,4
DA:1319,4
DA:1320,4
DA:1322,4
DA:1323,4
DA:1324,4
DA:1325,4
DA:1327,4
DA:1329,4
DA:1330,4
DA:1331,4
DA:1337,4
DA:1338,4
DA:1339,0
DA:1341,4
DA:1347,4
DA:1348,4
DA:1352,4
DA:1353,4
DA:1354,4
DA:1355,4
DA:1356,4
DA:1357,4
DA:1358,4
DA:1359,4
DA:1360,4
DA:1361,4
DA:1363,4
DA:1364,800
DA:1365,800
DA:1366,800
DA:1367,800
DA:1370,8
DA:1371,8
DA:1375,792
DA:1377,792
DA:1379,792
DA:1382,792
DA:1383,792
DA:1384,792
DA:1385,792
DA:1386,792
DA:1387,792
DA:1388,792
DA:1390,792
DA:1391,792
DA:1393,4
DA:1394,0
DA:1396,4
DA:1398,4
DA:1400,4
DA:1401,4
DA:1407,4
DA:1408,4
DA:1414,4
DA:1415,12
DA:1416,12
DA:1418,4
DA:1419,4
DA:1420,4
DA:1428,4
DA:1429,12
DA:1430,12
DA:1431,12
DA:1432,8
DA:1433,0
DA:1434,8
DA:1436,4
DA:1439,4
DA:1445,4
DA:1446,20
DA:1452,4
DA:1453,24
DA:1455,4
DA:1456,12
DA:1461,4
DA:1462,0
DA:1463,0
DA:1464,0
DA:1466,0
DA:1468,4
DA:1471,4
DA:1472,0
DA:1475,4
DA:1476,0
DA:1478,4
DA:1479,0
DA:1481,4
DA:1483,8
DA:1484,8
DA:1485,8
DA:1486,8
DA:1488,8
DA:1491,4
DA:1492,4
DA:1493,4
DA:1494,0
DA:1495,0
DA:1497,0
DA:1498,0
DA:1500,0
DA:1501,0
DA:1503,0
DA:1504,0
DA:1506,0
DA:1507,0
DA:1511,4
DA:1512,4
DA:1513,4
DA:1515,4
DA:1516,8
DA:1524,4
DA:1525,4
DA:1526,4
DA:1527,0
DA:1528,4
DA:1529,4
DA:1530,4
DA:1532,4
DA:1539,4
DA:1540,0
DA:1541,0
DA:1542,0
DA:1544,0
DA:1546,4
DA:1550,4
DA:1552,0
DA:1553,0
DA:1556,4
DA:1560,4
DA:1561,4
DA:1563,4
LF:773
LH:645
BRDA:21,1,0,4
BRDA:21,1,1,4
BRDA:21,1,2,4
BRDA:22,2,0,20
BRDA:22,2,1,0
BRDA:24,3,0,0
BRDA:24,3,1,12
BRDA:79,4,0,4
BRDA:79,4,1,4
BRDA:198,5,0,4
BRDA:198,5,1,0
BRDA:252,6,0,12
BRDA:252,6,1,0
BRDA:253,7,0,0
BRDA:253,7,1,12
BRDA:255,8,0,0
BRDA:255,8,1,12
BRDA:258,9,0,0
BRDA:258,9,1,12
BRDA:277,10,0,0
BRDA:277,10,1,12
BRDA:282,11,0,0
BRDA:282,11,1,12
BRDA:294,12,0,0
BRDA:294,12,1,24
BRDA:299,13,0,0
BRDA:299,13,1,24
BRDA:313,14,0,0
BRDA:313,14,1,24
BRDA:313,15,0,24
BRDA:313,15,1,0
BRDA:336,16,0,12
BRDA:336,16,1,0
BRDA:339,17,0,0
BRDA:339,17,1,0
BRDA:341,18,0,0
BRDA:341,18,1,0
BRDA:342,19,0,0
BRDA:342,19,1,0
BRDA:422,20,0,0
BRDA:422,20,1,4
BRDA:464,21,0,4
BRDA:464,21,1,0
BRDA:466,22,0,0
BRDA:466,22,1,4
BRDA:472,23,0,0
BRDA:472,23,1,4
BRDA:476,24,0,0
BRDA:476,24,1,4
BRDA:489,25,0,8
BRDA:489,25,1,0
BRDA:491,26,0,0
BRDA:491,26,1,8
BRDA:499,27,0,0
BRDA:499,27,1,8
BRDA:506,28,0,0
BRDA:506,28,1,8
BRDA:523,29,0,4
BRDA:523,29,1,0
BRDA:525,30,0,0
BRDA:525,30,1,4
BRDA:530,31,0,0
BRDA:530,31,1,4
BRDA:533,32,0,0
BRDA:533,32,1,4
BRDA:588,33,0,0
BRDA:588,33,1,24
BRDA:591,34,0,20
BRDA:591,34,1,4
BRDA:600,35,0,0
BRDA:600,35,1,4
BRDA:621,36,0,0
BRDA:621,36,1,12
BRDA:624,37,0,4
BRDA:624,37,1,8
BRDA:637,38,0,0
BRDA:637,38,1,4
BRDA:710,39,0,0
BRDA:710,39,1,4
BRDA:726,40,0,0
BRDA:726,40,1,4
BRDA:742,41,0,0
BRDA:742,41,1,16
BRDA:760,42,0,0
BRDA:760,42,1,24
BRDA:764,43,0,24
BRDA:764,43,1,0
BRDA:780,44,0,4
BRDA:780,44,1,20
BRDA:780,45,0,24
BRDA:780,45,1,6
BRDA:807,46,0,24
BRDA:807,46,1,24
BRDA:807,47,0,48
BRDA:807,47,1,48
BRDA:813,48,0,0
BRDA:813,48,1,24
BRDA:821,49,0,18
BRDA:821,49,1,6
BRDA:837,50,0,1
BRDA:837,50,1,5
BRDA:841,51,0,1
BRDA:841,51,1,4
BRDA:856,52,0,5
BRDA:856,52,1,1
BRDA:879,53,0,6
BRDA:879,53,1,0
BRDA:879,54,0,6
BRDA:879,54,1,6
BRDA:897,55,0,0
BRDA:897,55,1,4
BRDA:924,56,0,4
BRDA:924,56,1,0
BRDA:933,57,0,1
BRDA:933,57,1,3
BRDA:941,58,0,0
BRDA:941,58,1,4
BRDA:954,59,0,4
BRDA:954,59,1,16
BRDA:985,60,0,5
BRDA:985,60,1,15
BRDA:993,61,0,0
BRDA:993,61,1,20
BRDA:996,62,0,0
BRDA:996,62,1,20
BRDA:1042,63,0,0
BRDA:1042,63,1,24
BRDA:1051,64,0,4
BRDA:1051,64,1,4
BRDA:1051,64,2,16
BRDA:1051,64,3,0
BRDA:1053,65,0,4
BRDA:1053,65,1,0
BRDA:1055,66,0,0
BRDA:1055,66,1,4
BRDA:1055,67,0,4
BRDA:1055,67,1,4
BRDA:1069,68,0,4
BRDA:1069,68,1,0
BRDA:1080,69,0,8
BRDA:1080,69,1,8
BRDA:1143,70,0,8
BRDA:1143,70,1,0
BRDA:1147,71,0,0
BRDA:1147,71,1,0
BRDA:1217,72,0,0
BRDA:1217,72,1,4
BRDA:1226,73,0,4
BRDA:1226,73,1,0
BRDA:1227,74,0,4
BRDA:1227,74,1,0
BRDA:1237,75,0,8
BRDA:1237,75,1,0
BRDA:1239,76,0,0
BRDA:1239,76,1,8
BRDA:1241,77,0,0
BRDA:1241,77,1,8
BRDA:1275,78,0,0
BRDA:1275,78,1,8
BRDA:1296,79,0,0
BRDA:1296,79,1,8
BRDA:1319,80,0,4
BRDA:1319,80,1,0
BRDA:1338,81,0,0
BRDA:1338,81,1,4
BRDA:1393,82,0,0
BRDA:1393,82,1,4
BRDA:1419,83,0,4
BRDA:1419,83,1,0
BRDA:1431,84,0,8
BRDA:1431,84,1,4
BRDA:1432,85,0,0
BRDA:1432,85,1,8
BRDA:1463,86,0,0
BRDA:1463,86,1,0
BRDA:1472,87,0,0
BRDA:1472,87,1,0
BRDA:1476,88,0,0
BRDA:1476,88,1,0
BRDA:1485,89,0,8
BRDA:1485,89,1,0
BRDA:1493,90,0,0
BRDA:1493,90,1,4
BRDA:1495,91,0,0
BRDA:1495,91,1,0
BRDA:1495,91,2,0
BRDA:1495,91,3,0
BRDA:1511,92,0,4
BRDA:1511,92,1,0
BRDA:1516,93,0,8
BRDA:1516,93,1,8
BRDA:1526,94,0,0
BRDA:1526,94,1,4
BRDA:1541,95,0,0
BRDA:1541,95,1,0
BRDA:1541,96,0,0
BRDA:1541,96,1,0
BRF:197
BRH:109
end_of_record
TN:
SF:/home/thk/Projects/go/src/github.com/hyperledger/fabric/sdk/node/lib/crypto.js
FN:63,(anonymous_1)
FN:64,Crypto
FN:73,(anonymous_3)
FN:80,(anonymous_4)
FN:88,(anonymous_5)
FN:95,(anonymous_6)
FN:99,(anonymous_7)
FN:102,(anonymous_8)
FN:106,(anonymous_9)
FN:113,(anonymous_10)
FN:119,(anonymous_11)
FN:127,(anonymous_12)
FN:143,(anonymous_13)
FN:165,(anonymous_14)
FN:168,(anonymous_15)
FN:200,(anonymous_16)
FN:209,(anonymous_17)
FN:261,(anonymous_18)
FN:264,(anonymous_19)
FN:278,(anonymous_20)
FN:285,(anonymous_21)
FN:292,(anonymous_22)
FN:300,(anonymous_23)
FN:310,(anonymous_24)
FN:314,(anonymous_25)
FN:318,(anonymous_26)
FN:322,(anonymous_27)
FN:329,(anonymous_28)
FN:376,(anonymous_29)
FN:414,(anonymous_30)
FN:451,(anonymous_31)
FN:464,(anonymous_32)
FN:465,X509Certificate
FN:481,(anonymous_34)
FN:484,(anonymous_35)
FN:498,bitsToBytes
FN:510,bytesToBits
FN:524,_zeroBuffer
FN:530,_toArrayBuffer
FN:539,_toBuffer
FN:548,_isString
FNF:41
FNH:35
FNDA:4,(anonymous_1)
FNDA:4,Crypto
FNDA:0,(anonymous_3)
FNDA:0,(anonymous_4)
FNDA:0,(anonymous_5)
FNDA:0,(anonymous_6)
FNDA:32,(anonymous_7)
FNDA:16,(anonymous_8)
FNDA:3180,(anonymous_9)
FNDA:806,(anonymous_10)
FNDA:36,(anonymous_11)
FNDA:14,(anonymous_12)
FNDA:6,(anonymous_13)
FNDA:6,(anonymous_14)
FNDA:24,(anonymous_15)
FNDA:18,(anonymous_16)
FNDA:8,(anonymous_17)
FNDA:1,(anonymous_18)
FNDA:0,(anonymous_19)
FNDA:792,(anonymous_20)
FNDA:2,(anonymous_21)
FNDA:32,(anonymous_22)
FNDA:838,(anonymous_23)
FNDA:6,(anonymous_24)
FNDA:0,(anonymous_25)
FNDA:4,(anonymous_26)
FNDA:4,(anonymous_27)
FNDA:4,(anonymous_28)
FNDA:32,(anonymous_29)
FNDA:792,(anonymous_30)
FNDA:792,(anonymous_31)
FNDA:4,(anonymous_32)
FNDA:800,X509Certificate
FNDA:792,(anonymous_34)
FNDA:3960,(anonymous_35)
FNDA:1708,bitsToBytes
FNDA:1804,bytesToBits
FNDA:32,_zeroBuffer
FNDA:814,_toArrayBuffer
FNDA:1584,_toBuffer
FNDA:4,_isString
DA:22,4
DA:23,4
DA:24,4
DA:25,4
DA:26,4
DA:27,4
DA:28,4
DA:29,4
DA:30,4
DA:31,4
DA:32,4
DA:33,4
DA:34,4
DA:35,4
DA:36,4
DA:37,4
DA:38,4
DA:40,4
DA:41,4
DA:42,4
DA:43,4
DA:44,4
DA:45,4
DA:46,4
DA:47,4
DA:48,4
DA:49,4
DA:50,4
DA:51,4
DA:52,4
DA:53,4
DA:56,4
DA:57,4
DA:58,4
DA:59,4
DA:63,4
DA:64,4
DA:65,4
DA:66,4
DA:67,4
DA:73,4
DA:74,0
DA:80,4
DA:81,0
DA:82,0
DA:88,4
DA:89,0
DA:95,4
DA:96,0
DA:97,0
DA:99,4
DA:100,32
DA:102,4
DA:103,16
DA:106,4
DA:108,3180
DA:109,3180
DA:110,3180
DA:113,4
DA:114,806
DA:116,806
DA:119,4
DA:120,36
DA:121,36
DA:122,36
DA:123,36
DA:124,36
DA:127,4
DA:129,14
DA:130,14
DA:131,14
DA:133,14
DA:134,14
DA:136,14
DA:137,14
DA:139,14
DA:140,14
DA:141,14
DA:143,4
DA:144,6
DA:145,6
DA:146,6
DA:147,6
DA:148,6
DA:149,6
DA:150,6
DA:151,6
DA:153,0
DA:155,6
DA:157,6
DA:160,0
DA:162,6
DA:163,6
DA:165,4
DA:166,6
DA:168,4
DA:169,24
DA:170,24
DA:172,24
DA:174,24
DA:175,24
DA:176,24
DA:180,24
DA:182,24
DA:184,24
DA:185,24
DA:188,24
DA:189,24
DA:191,24
DA:193,24
DA:194,24
DA:198,24
DA:200,4
DA:201,18
DA:203,18
DA:204,18
DA:206,18
DA:207,18
DA:209,4
DA:210,8
DA:212,8
DA:213,8
DA:215,8
DA:216,0
DA:221,8
DA:222,8
DA:223,8
DA:224,8
DA:225,0
DA:226,8
DA:227,8
DA:228,8
DA:232,8
DA:234,8
DA:236,8
DA:238,8
DA:240,8
DA:243,8
DA:244,8
DA:245,8
DA:249,8
DA:250,8
DA:251,8
DA:253,0
DA:255,8
DA:256,8
DA:257,8
DA:259,8
DA:261,4
DA:262,1
DA:264,4
DA:265,0
DA:266,0
DA:267,0
DA:269,0
DA:270,0
DA:271,0
DA:272,0
DA:274,0
DA:275,0
DA:276,0
DA:278,4
DA:279,792
DA:280,792
DA:281,792
DA:282,792
DA:285,4
DA:286,2
DA:287,2
DA:288,2
DA:289,2
DA:290,2
DA:292,4
DA:293,32
DA:294,32
DA:295,32
DA:296,32
DA:297,32
DA:298,32
DA:300,4
DA:301,838
DA:302,838
DA:303,838
DA:304,838
DA:305,838
DA:306,838
DA:307,838
DA:308,838
DA:310,4
DA:311,6
DA:312,6
DA:314,4
DA:315,0
DA:316,0
DA:318,4
DA:319,4
DA:320,0
DA:322,4
DA:323,4
DA:324,0
DA:325,4
DA:326,4
DA:327,0
DA:329,4
DA:330,4
DA:331,4
DA:332,4
DA:333,4
DA:334,3
DA:336,1
DA:337,1
DA:339,4
DA:341,2
DA:342,2
DA:343,2
DA:344,2
DA:345,2
DA:347,1
DA:348,1
DA:349,1
DA:350,1
DA:351,1
DA:353,1
DA:354,1
DA:355,1
DA:356,1
DA:357,1
DA:359,4
DA:361,3
DA:362,3
DA:364,1
DA:365,1
DA:376,4
DA:377,32
DA:379,32
DA:380,32
DA:382,0
DA:383,0
DA:385,32
DA:386,0
DA:388,32
DA:389,0
DA:391,32
DA:393,32
DA:394,32
DA:396,32
DA:397,32
DA:398,32
DA:399,0
DA:401,32
DA:402,32
DA:403,64
DA:404,64
DA:405,64
DA:407,64
DA:409,64
DA:410,64
DA:412,32
DA:414,4
DA:415,792
DA:416,792
DA:417,792
DA:418,792
DA:419,792
DA:420,792
DA:421,792
DA:422,792
DA:424,792
DA:426,792
DA:427,792
DA:428,792
DA:429,2376
DA:430,2376
DA:431,2376
DA:432,2376
DA:433,2376
DA:434,2376
DA:436,2376
DA:437,2376
DA:438,2376
DA:441,792
DA:444,0
DA:445,0
DA:447,792
DA:448,792
DA:451,4
DA:453,792
DA:454,792
DA:456,792
DA:457,792
DA:458,792
DA:461,4
DA:463,4
DA:464,4
DA:465,4
DA:466,800
DA:468,800
DA:470,800
DA:471,800
DA:472,800
DA:473,800
DA:474,792
DA:477,8
DA:478,8
DA:481,4
DA:482,792
DA:483,792
DA:484,792
DA:485,3960
DA:486,3960
DA:487,792
DA:488,792
DA:491,792
DA:492,792
DA:493,792
DA:495,4
DA:497,4
DA:498,4
DA:499,1708
DA:500,1708
DA:501,62048
DA:502,15512
DA:504,62048
DA:505,62048
DA:507,1708
DA:510,4
DA:511,1804
DA:512,1804
DA:513,60935
DA:514,60935
DA:515,14667
DA:516,14667
DA:519,1804
DA:520,883
DA:522,1804
DA:524,4
DA:525,32
DA:526,32
DA:527,32
DA:530,4
DA:531,814
DA:532,814
DA:533,814
DA:534,482714
DA:536,814
DA:539,4
DA:540,1584
DA:541,1584
DA:542,1584
DA:543,101376
DA:545,1584
DA:548,4
DA:549,4
LF:353
LH:320
BRDA:151,1,0,0
BRDA:151,1,1,6
BRDA:155,2,0,6
BRDA:155,2,1,0
BRDA:215,3,0,0
BRDA:215,3,1,8
BRDA:224,4,0,0
BRDA:224,4,1,8
BRDA:251,5,0,0
BRDA:251,5,1,8
BRDA:271,6,0,0
BRDA:271,6,1,0
BRDA:293,7,0,32
BRDA:293,7,1,0
BRDA:295,8,0,32
BRDA:295,8,1,0
BRDA:319,9,0,0
BRDA:319,9,1,4
BRDA:319,10,0,4
BRDA:319,10,1,1
BRDA:323,11,0,0
BRDA:323,11,1,4
BRDA:326,12,0,0
BRDA:326,12,1,4
BRDA:326,13,0,4
BRDA:326,13,1,3
BRDA:333,14,0,3
BRDA:333,14,1,1
BRDA:336,15,0,1
BRDA:336,15,1,0
BRDA:339,16,0,2
BRDA:339,16,1,1
BRDA:339,16,2,1
BRDA:359,17,0,3
BRDA:359,17,1,1
BRDA:379,18,0,32
BRDA:379,18,1,0
BRDA:382,19,0,0
BRDA:382,19,1,0
BRDA:385,20,0,0
BRDA:385,20,1,32
BRDA:388,21,0,0
BRDA:388,21,1,32
BRDA:398,22,0,0
BRDA:398,22,1,32
BRDA:424,23,0,792
BRDA:424,23,1,0
BRDA:486,24,0,792
BRDA:486,24,1,3168
BRDA:501,25,0,15512
BRDA:501,25,1,46536
BRDA:514,26,0,14667
BRDA:514,26,1,46268
BRDA:519,27,0,883
BRDA:519,27,1,921
BRDA:549,28,0,4
BRDA:549,28,1,0
BRF:57
BRH:36
end_of_record
TN:
SF:/home/thk/Projects/go/src/github.com/hyperledger/fabric/sdk/node/lib/hash.js
FN:33,(anonymous_1)
FN:43,(anonymous_2)
FN:51,(anonymous_3)
FN:56,(anonymous_4)
FN:61,(anonymous_5)
FN:72,(anonymous_6)
FN:82,(anonymous_7)
FN:91,(anonymous_8)
FN:95,(anonymous_9)
FN:100,(anonymous_10)
FN:109,(anonymous_11)
FN:119,(anonymous_12)
FN:128,(anonymous_13)
FN:132,(anonymous_14)
FN:137,(anonymous_15)
FN:147,bitsToBytes
FN:160,bytesToBits
FN:178,(anonymous_18)
FNF:18
FNH:15
FNDA:1050,(anonymous_1)
FNDA:0,(anonymous_2)
FNDA:840,(anonymous_3)
FNDA:848,(anonymous_4)
FNDA:420,(anonymous_5)
FNDA:2595,(anonymous_6)
FNDA:0,(anonymous_7)
FNDA:2076,(anonymous_8)
FNDA:2188,(anonymous_9)
FNDA:1038,(anonymous_10)
FNDA:1025,(anonymous_11)
FNDA:0,(anonymous_12)
FNDA:820,(anonymous_13)
FNDA:828,(anonymous_14)
FNDA:410,(anonymous_15)
FNDA:3025,bitsToBytes
FNDA:9,bytesToBits
FNDA:9,(anonymous_18)
DA:27,4
DA:28,4
DA:29,4
DA:30,4
DA:33,4
DA:35,1050
DA:36,630
DA:39,420
DA:43,4
DA:44,0
DA:47,4
DA:52,840
DA:53,840
DA:57,848
DA:58,848
DA:62,420
DA:65,420
DA:66,420
DA:72,4
DA:74,2595
DA:75,1557
DA:78,1038
DA:82,4
DA:83,0
DA:84,0
DA:87,4
DA:92,2076
DA:96,2188
DA:97,2188
DA:101,1038
DA:102,1038
DA:103,1038
DA:104,1038
DA:109,4
DA:111,1025
DA:112,615
DA:115,410
DA:119,4
DA:120,0
DA:121,0
DA:124,4
DA:129,820
DA:133,828
DA:134,828
DA:138,410
DA:139,410
DA:141,410
DA:142,410
DA:147,4
DA:148,3025
DA:149,3025
DA:150,234424
DA:151,58854
DA:153,234424
DA:154,234424
DA:156,3025
DA:160,4
DA:161,9
DA:162,9
DA:163,4663
DA:164,4663
DA:165,1162
DA:166,1162
DA:169,9
DA:170,9
DA:172,9
DA:175,4
DA:176,4
DA:177,4
DA:178,4
DA:179,9
LF:71
LH:66
BRDA:35,1,0,630
BRDA:35,1,1,420
BRDA:74,2,0,1557
BRDA:74,2,1,1038
BRDA:111,3,0,615
BRDA:111,3,1,410
BRDA:150,4,0,58854
BRDA:150,4,1,175570
BRDA:164,5,0,1162
BRDA:164,5,1,3501
BRDA:169,6,0,9
BRDA:169,6,1,0
BRF:12
BRH:11
end_of_record
